# JRE version: Java(TM) SE Runtime Environment (17.0.6+9) (build 17.0.6+9-LTS-190)
# Java VM: Java HotSpot(TM) 64-Bit Server VM (17.0.6+9-LTS-190, mixed mode, sharing, tiered, compressed oops, compressed class ptrs, g1 gc, windows-amd64)
GC Precious Log:
 CPUs: 12 total, 12 available
 Memory: 7896M
 Large Page Support: Disabled
 NUMA Support: Disabled
 Compressed Oops: Enabled (32-bit)
 Heap Region Size: 1M
 Heap Min Capacity: 8M
 Heap Initial Capacity: 124M
 Heap Max Capacity: 1976M
 Pre-touch: Disabled
 Parallel Workers: 10
 Concurrent Workers: 3
 Concurrent Refinement Workers: 10
 Periodic GC: Disabled
Heap:
 garbage-first heap   total 100352K, used 75295K [0x0000000084800000, 0x0000000100000000)
  region size 1024K, 31 young (31744K), 4 survivors (4096K)
 Metaspace       used 81510K, committed 82304K, reserved 1122304K
  class space    used 10915K, committed 11328K, reserved 1048576K
GC Heap History (20 events):
Event: 202.980 GC heap before
{Heap before GC invocations=23 (full 1):
 garbage-first heap   total 100352K, used 78104K [0x0000000084800000, 0x0000000100000000)
  region size 1024K, 43 young (44032K), 5 survivors (5120K)
 Metaspace       used 80437K, committed 81280K, reserved 1122304K
  class space    used 10874K, committed 11264K, reserved 1048576K
}
Event: 202.984 GC heap after
{Heap after GC invocations=24 (full 1):
 garbage-first heap   total 100352K, used 40051K [0x0000000084800000, 0x0000000100000000)
  region size 1024K, 2 young (2048K), 2 survivors (2048K)
 Metaspace       used 80437K, committed 81280K, reserved 1122304K
  class space    used 10874K, committed 11264K, reserved 1048576K
}
Event: 204.081 GC heap before
{Heap before GC invocations=24 (full 1):
 garbage-first heap   total 100352K, used 78963K [0x0000000084800000, 0x0000000100000000)
  region size 1024K, 41 young (41984K), 2 survivors (2048K)
 Metaspace       used 80510K, committed 81344K, reserved 1122304K
  class space    used 10879K, committed 11264K, reserved 1048576K
}
Event: 204.085 GC heap after
{Heap after GC invocations=25 (full 1):
 garbage-first heap   total 100352K, used 42792K [0x0000000084800000, 0x0000000100000000)
  region size 1024K, 5 young (5120K), 5 survivors (5120K)
 Metaspace       used 80510K, committed 81344K, reserved 1122304K
  class space    used 10879K, committed 11264K, reserved 1048576K
}
Event: 205.022 GC heap before
{Heap before GC invocations=25 (full 1):
 garbage-first heap   total 100352K, used 79656K [0x0000000084800000, 0x0000000100000000)
  region size 1024K, 41 young (41984K), 5 survivors (5120K)
 Metaspace       used 80630K, committed 81472K, reserved 1122304K
  class space    used 10882K, committed 11264K, reserved 1048576K
}
Event: 205.026 GC heap after
{Heap after GC invocations=26 (full 1):
 garbage-first heap   total 100352K, used 44226K [0x0000000084800000, 0x0000000100000000)
  region size 1024K, 5 young (5120K), 5 survivors (5120K)
 Metaspace       used 80630K, committed 81472K, reserved 1122304K
  class space    used 10882K, committed 11264K, reserved 1048576K
}
Event: 205.531 GC heap before
{Heap before GC invocations=26 (full 1):
 garbage-first heap   total 100352K, used 80066K [0x0000000084800000, 0x0000000100000000)
  region size 1024K, 40 young (40960K), 5 survivors (5120K)
 Metaspace       used 80970K, committed 81792K, reserved 1122304K
  class space    used 10896K, committed 11264K, reserved 1048576K
}
Event: 205.534 GC heap after
{Heap after GC invocations=27 (full 1):
 garbage-first heap   total 100352K, used 46133K [0x0000000084800000, 0x0000000100000000)
  region size 1024K, 4 young (4096K), 4 survivors (4096K)
 Metaspace       used 80970K, committed 81792K, reserved 1122304K
  class space    used 10896K, committed 11264K, reserved 1048576K
}
Event: 206.042 GC heap before
{Heap before GC invocations=27 (full 1):
 garbage-first heap   total 100352K, used 80949K [0x0000000084800000, 0x0000000100000000)
  region size 1024K, 38 young (38912K), 4 survivors (4096K)
 Metaspace       used 81026K, committed 81792K, reserved 1122304K
  class space    used 10896K, committed 11264K, reserved 1048576K
}
Event: 206.045 GC heap after
{Heap after GC invocations=28 (full 1):
 garbage-first heap   total 100352K, used 47345K [0x0000000084800000, 0x0000000100000000)
  region size 1024K, 4 young (4096K), 4 survivors (4096K)
 Metaspace       used 81026K, committed 81792K, reserved 1122304K
  class space    used 10896K, committed 11264K, reserved 1048576K
}
Event: 207.828 GC heap before
{Heap before GC invocations=28 (full 1):
 garbage-first heap   total 100352K, used 66801K [0x0000000084800000, 0x0000000100000000)
  region size 1024K, 24 young (24576K), 4 survivors (4096K)
 Metaspace       used 81067K, committed 81856K, reserved 1122304K
  class space    used 10897K, committed 11264K, reserved 1048576K
}
Event: 207.871 GC heap after
{Heap after GC invocations=29 (full 2):
 garbage-first heap   total 100352K, used 41095K [0x0000000084800000, 0x0000000100000000)
  region size 1024K, 0 young (0K), 0 survivors (0K)
 Metaspace       used 81067K, committed 81856K, reserved 1122304K
  class space    used 10897K, committed 11264K, reserved 1048576K
}
Event: 208.411 GC heap before
{Heap before GC invocations=29 (full 2):
 garbage-first heap   total 100352K, used 81031K [0x0000000084800000, 0x0000000100000000)
  region size 1024K, 39 young (39936K), 0 survivors (0K)
 Metaspace       used 81160K, committed 81984K, reserved 1122304K
  class space    used 10903K, committed 11264K, reserved 1048576K
}
Event: 208.414 GC heap after
{Heap after GC invocations=30 (full 2):
 garbage-first heap   total 100352K, used 44592K [0x0000000084800000, 0x0000000100000000)
  region size 1024K, 4 young (4096K), 4 survivors (4096K)
 Metaspace       used 81160K, committed 81984K, reserved 1122304K
  class space    used 10903K, committed 11264K, reserved 1048576K
}
Event: 208.659 GC heap before
{Heap before GC invocations=30 (full 2):
 garbage-first heap   total 100352K, used 80432K [0x0000000084800000, 0x0000000100000000)
  region size 1024K, 39 young (39936K), 4 survivors (4096K)
 Metaspace       used 81180K, committed 81984K, reserved 1122304K
  class space    used 10903K, committed 11264K, reserved 1048576K
}
Event: 208.661 GC heap after
{Heap after GC invocations=31 (full 2):
 garbage-first heap   total 100352K, used 45839K [0x0000000084800000, 0x0000000100000000)
  region size 1024K, 2 young (2048K), 2 survivors (2048K)
 Metaspace       used 81180K, committed 81984K, reserved 1122304K
  class space    used 10903K, committed 11264K, reserved 1048576K
}
Event: 208.876 GC heap before
{Heap before GC invocations=31 (full 2):
 garbage-first heap   total 100352K, used 79631K [0x0000000084800000, 0x0000000100000000)
  region size 1024K, 36 young (36864K), 2 survivors (2048K)
 Metaspace       used 81409K, committed 82176K, reserved 1122304K
  class space    used 10913K, committed 11264K, reserved 1048576K
}
Event: 208.878 GC heap after
{Heap after GC invocations=32 (full 2):
 garbage-first heap   total 100352K, used 47474K [0x0000000084800000, 0x0000000100000000)
  region size 1024K, 4 young (4096K), 4 survivors (4096K)
 Metaspace       used 81409K, committed 82176K, reserved 1122304K
  class space    used 10913K, committed 11264K, reserved 1048576K
}
Event: 209.084 GC heap before
{Heap before GC invocations=33 (full 2):
 garbage-first heap   total 100352K, used 80242K [0x0000000084800000, 0x0000000100000000)
  region size 1024K, 36 young (36864K), 4 survivors (4096K)
 Metaspace       used 81458K, committed 82304K, reserved 1122304K
  class space    used 10915K, committed 11328K, reserved 1048576K
}
Event: 209.086 GC heap after
{Heap after GC invocations=34 (full 2):
 garbage-first heap   total 100352K, used 48671K [0x0000000084800000, 0x0000000100000000)
  region size 1024K, 4 young (4096K), 4 survivors (4096K)
 Metaspace       used 81458K, committed 82304K, reserved 1122304K
  class space    used 10915K, committed 11328K, reserved 1048576K
}

