# JRE version: Java(TM) SE Runtime Environment (17.0.6+9) (build 17.0.6+9-LTS-190)
# Java VM: Java HotSpot(TM) 64-Bit Server VM (17.0.6+9-LTS-190, mixed mode, sharing, tiered, compressed oops, compressed class ptrs, g1 gc, windows-amd64)
GC Precious Log:
 CPUs: 12 total, 12 available
 Memory: 7896M
 Large Page Support: Disabled
 NUMA Support: Disabled
 Compressed Oops: Enabled (32-bit)
 Heap Region Size: 1M
 Heap Min Capacity: 8M
 Heap Initial Capacity: 124M
 Heap Max Capacity: 1976M
 Pre-touch: Disabled
 Parallel Workers: 10
 Concurrent Workers: 3
 Concurrent Refinement Workers: 10
 Periodic GC: Disabled
Heap:
 garbage-first heap   total 61440K, used 31766K [0x0000000084800000, 0x0000000100000000)
  region size 1024K, 2 young (2048K), 2 survivors (2048K)
 Metaspace       used 68254K, committed 68800K, reserved 1114112K
  class space    used 9194K, committed 9472K, reserved 1048576K
GC Heap History (20 events):
Event: 4.525 GC heap after
{Heap after GC invocations=9 (full 0):
 garbage-first heap   total 51200K, used 20815K [0x0000000084800000, 0x0000000100000000)
  region size 1024K, 2 young (2048K), 2 survivors (2048K)
 Metaspace       used 32790K, committed 33280K, reserved 1081344K
  class space    used 4239K, committed 4480K, reserved 1048576K
}
Event: 4.833 GC heap before
{Heap before GC invocations=9 (full 0):
 garbage-first heap   total 51200K, used 38223K [0x0000000084800000, 0x0000000100000000)
  region size 1024K, 19 young (19456K), 2 survivors (2048K)
 Metaspace       used 35098K, committed 35584K, reserved 1081344K
  class space    used 4489K, committed 4736K, reserved 1048576K
}
Event: 4.836 GC heap after
{Heap after GC invocations=10 (full 0):
 garbage-first heap   total 61440K, used 21642K [0x0000000084800000, 0x0000000100000000)
  region size 1024K, 3 young (3072K), 3 survivors (3072K)
 Metaspace       used 35098K, committed 35584K, reserved 1081344K
  class space    used 4489K, committed 4736K, reserved 1048576K
}
Event: 4.991 GC heap before
{Heap before GC invocations=10 (full 0):
 garbage-first heap   total 61440K, used 31882K [0x0000000084800000, 0x0000000100000000)
  region size 1024K, 14 young (14336K), 3 survivors (3072K)
 Metaspace       used 35659K, committed 36096K, reserved 1081344K
  class space    used 4575K, committed 4800K, reserved 1048576K
}
Event: 4.994 GC heap after
{Heap after GC invocations=11 (full 0):
 garbage-first heap   total 61440K, used 22384K [0x0000000084800000, 0x0000000100000000)
  region size 1024K, 2 young (2048K), 2 survivors (2048K)
 Metaspace       used 35659K, committed 36096K, reserved 1081344K
  class space    used 4575K, committed 4800K, reserved 1048576K
}
Event: 5.417 GC heap before
{Heap before GC invocations=12 (full 0):
 garbage-first heap   total 61440K, used 46960K [0x0000000084800000, 0x0000000100000000)
  region size 1024K, 26 young (26624K), 2 survivors (2048K)
 Metaspace       used 39326K, committed 39872K, reserved 1089536K
  class space    used 5104K, committed 5376K, reserved 1048576K
}
Event: 5.419 GC heap after
{Heap after GC invocations=13 (full 0):
 garbage-first heap   total 61440K, used 23178K [0x0000000084800000, 0x0000000100000000)
  region size 1024K, 3 young (3072K), 3 survivors (3072K)
 Metaspace       used 39326K, committed 39872K, reserved 1089536K
  class space    used 5104K, committed 5376K, reserved 1048576K
}
Event: 5.886 GC heap before
{Heap before GC invocations=13 (full 0):
 garbage-first heap   total 61440K, used 46730K [0x0000000084800000, 0x0000000100000000)
  region size 1024K, 27 young (27648K), 3 survivors (3072K)
 Metaspace       used 45131K, committed 45632K, reserved 1089536K
  class space    used 5960K, committed 6208K, reserved 1048576K
}
Event: 5.890 GC heap after
{Heap after GC invocations=14 (full 0):
 garbage-first heap   total 61440K, used 24941K [0x0000000084800000, 0x0000000100000000)
  region size 1024K, 4 young (4096K), 4 survivors (4096K)
 Metaspace       used 45131K, committed 45632K, reserved 1089536K
  class space    used 5960K, committed 6208K, reserved 1048576K
}
Event: 6.592 GC heap before
{Heap before GC invocations=14 (full 0):
 garbage-first heap   total 61440K, used 48493K [0x0000000084800000, 0x0000000100000000)
  region size 1024K, 27 young (27648K), 4 survivors (4096K)
 Metaspace       used 54078K, committed 54592K, reserved 1097728K
  class space    used 7105K, committed 7360K, reserved 1048576K
}
Event: 6.599 GC heap after
{Heap after GC invocations=15 (full 0):
 garbage-first heap   total 61440K, used 26799K [0x0000000084800000, 0x0000000100000000)
  region size 1024K, 4 young (4096K), 4 survivors (4096K)
 Metaspace       used 54078K, committed 54592K, reserved 1097728K
  class space    used 7105K, committed 7360K, reserved 1048576K
}
Event: 7.003 GC heap before
{Heap before GC invocations=15 (full 0):
 garbage-first heap   total 61440K, used 48303K [0x0000000084800000, 0x0000000100000000)
  region size 1024K, 26 young (26624K), 4 survivors (4096K)
 Metaspace       used 59744K, committed 60288K, reserved 1105920K
  class space    used 7873K, committed 8128K, reserved 1048576K
}
Event: 7.007 GC heap after
{Heap after GC invocations=16 (full 0):
 garbage-first heap   total 61440K, used 27943K [0x0000000084800000, 0x0000000100000000)
  region size 1024K, 4 young (4096K), 4 survivors (4096K)
 Metaspace       used 59744K, committed 60288K, reserved 1105920K
  class space    used 7873K, committed 8128K, reserved 1048576K
}
Event: 7.030 GC heap before
{Heap before GC invocations=16 (full 0):
 garbage-first heap   total 61440K, used 27943K [0x0000000084800000, 0x0000000100000000)
  region size 1024K, 5 young (5120K), 4 survivors (4096K)
 Metaspace       used 59902K, committed 60416K, reserved 1105920K
  class space    used 7902K, committed 8128K, reserved 1048576K
}
Event: 7.033 GC heap after
{Heap after GC invocations=17 (full 0):
 garbage-first heap   total 61440K, used 27845K [0x0000000084800000, 0x0000000100000000)
  region size 1024K, 1 young (1024K), 1 survivors (1024K)
 Metaspace       used 59902K, committed 60416K, reserved 1105920K
  class space    used 7902K, committed 8128K, reserved 1048576K
}
Event: 7.616 GC heap before
{Heap before GC invocations=18 (full 0):
 garbage-first heap   total 61440K, used 50373K [0x0000000084800000, 0x0000000100000000)
  region size 1024K, 23 young (23552K), 1 survivors (1024K)
 Metaspace       used 64619K, committed 65216K, reserved 1105920K
  class space    used 8745K, committed 9024K, reserved 1048576K
}
Event: 7.620 GC heap after
{Heap after GC invocations=19 (full 0):
 garbage-first heap   total 61440K, used 28718K [0x0000000084800000, 0x0000000100000000)
  region size 1024K, 2 young (2048K), 2 survivors (2048K)
 Metaspace       used 64619K, committed 65216K, reserved 1105920K
  class space    used 8745K, committed 9024K, reserved 1048576K
}
Event: 7.926 GC heap before
{Heap before GC invocations=19 (full 0):
 garbage-first heap   total 61440K, used 50222K [0x0000000084800000, 0x0000000100000000)
  region size 1024K, 23 young (23552K), 2 survivors (2048K)
 Metaspace       used 67261K, committed 67840K, reserved 1114112K
  class space    used 9063K, committed 9344K, reserved 1048576K
}
Event: 7.931 GC heap after
{Heap after GC invocations=20 (full 0):
 garbage-first heap   total 61440K, used 30433K [0x0000000084800000, 0x0000000100000000)
  region size 1024K, 3 young (3072K), 3 survivors (3072K)
 Metaspace       used 67261K, committed 67840K, reserved 1114112K
  class space    used 9063K, committed 9344K, reserved 1048576K
}
Event: 8.189 GC heap before
{Heap before GC invocations=20 (full 0):
 garbage-first heap   total 61440K, used 49889K [0x0000000084800000, 0x0000000100000000)
  region size 1024K, 22 young (22528K), 3 survivors (3072K)
 Metaspace       used 68254K, committed 68800K, reserved 1114112K
  class space    used 9194K, committed 9472K, reserved 1048576K
}

