# JRE version: Java(TM) SE Runtime Environment (17.0.6+9) (build 17.0.6+9-LTS-190)
# Java VM: Java HotSpot(TM) 64-Bit Server VM (17.0.6+9-LTS-190, mixed mode, sharing, tiered, compressed oops, compressed class ptrs, g1 gc, windows-amd64)
GC Precious Log:
 CPUs: 12 total, 12 available
 Memory: 7896M
 Large Page Support: Disabled
 NUMA Support: Disabled
 Compressed Oops: Enabled (32-bit)
 Heap Region Size: 1M
 Heap Min Capacity: 8M
 Heap Initial Capacity: 124M
 Heap Max Capacity: 1976M
 Pre-touch: Disabled
 Parallel Workers: 10
 Concurrent Workers: 3
 Concurrent Refinement Workers: 10
 Periodic GC: Disabled
Heap:
 garbage-first heap   total 132096K, used 57779K [0x0000000084800000, 0x0000000100000000)
  region size 1024K, 9 young (9216K), 2 survivors (2048K)
 Metaspace       used 84962K, committed 85760K, reserved 1130496K
  class space    used 11477K, committed 11840K, reserved 1048576K
GC Heap History (20 events):
Event: 348.803 GC heap before
{Heap before GC invocations=39 (full 2):
 garbage-first heap   total 79872K, used 63521K [0x0000000084800000, 0x0000000100000000)
  region size 1024K, 28 young (28672K), 3 survivors (3072K)
 Metaspace       used 83721K, committed 84480K, reserved 1122304K
  class space    used 11389K, committed 11776K, reserved 1048576K
}
Event: 348.805 GC heap after
{Heap after GC invocations=40 (full 2):
 garbage-first heap   total 96256K, used 39696K [0x0000000084800000, 0x0000000100000000)
  region size 1024K, 2 young (2048K), 2 survivors (2048K)
 Metaspace       used 83721K, committed 84480K, reserved 1122304K
  class space    used 11389K, committed 11776K, reserved 1048576K
}
Event: 349.007 GC heap before
{Heap before GC invocations=40 (full 2):
 garbage-first heap   total 96256K, used 74512K [0x0000000084800000, 0x0000000100000000)
  region size 1024K, 36 young (36864K), 2 survivors (2048K)
 Metaspace       used 83856K, committed 84672K, reserved 1122304K
  class space    used 11394K, committed 11776K, reserved 1048576K
}
Event: 349.008 GC heap after
{Heap after GC invocations=41 (full 2):
 garbage-first heap   total 96256K, used 41002K [0x0000000084800000, 0x0000000100000000)
  region size 1024K, 4 young (4096K), 4 survivors (4096K)
 Metaspace       used 83856K, committed 84672K, reserved 1122304K
  class space    used 11394K, committed 11776K, reserved 1048576K
}
Event: 351.713 GC heap before
{Heap before GC invocations=41 (full 2):
 garbage-first heap   total 96256K, used 73770K [0x0000000084800000, 0x0000000100000000)
  region size 1024K, 36 young (36864K), 4 survivors (4096K)
 Metaspace       used 84289K, committed 85056K, reserved 1130496K
  class space    used 11445K, committed 11840K, reserved 1048576K
}
Event: 351.715 GC heap after
{Heap after GC invocations=42 (full 2):
 garbage-first heap   total 96256K, used 43040K [0x0000000084800000, 0x0000000100000000)
  region size 1024K, 4 young (4096K), 4 survivors (4096K)
 Metaspace       used 84289K, committed 85056K, reserved 1130496K
  class space    used 11445K, committed 11840K, reserved 1048576K
}
Event: 351.856 GC heap before
{Heap before GC invocations=42 (full 2):
 garbage-first heap   total 96256K, used 74784K [0x0000000084800000, 0x0000000100000000)
  region size 1024K, 35 young (35840K), 4 survivors (4096K)
 Metaspace       used 84347K, committed 85120K, reserved 1130496K
  class space    used 11448K, committed 11840K, reserved 1048576K
}
Event: 351.860 GC heap after
{Heap after GC invocations=43 (full 2):
 garbage-first heap   total 96256K, used 44328K [0x0000000084800000, 0x0000000100000000)
  region size 1024K, 3 young (3072K), 3 survivors (3072K)
 Metaspace       used 84347K, committed 85120K, reserved 1130496K
  class space    used 11448K, committed 11840K, reserved 1048576K
}
Event: 352.135 GC heap before
{Heap before GC invocations=43 (full 2):
 garbage-first heap   total 96256K, used 74024K [0x0000000084800000, 0x0000000100000000)
  region size 1024K, 32 young (32768K), 3 survivors (3072K)
 Metaspace       used 84474K, committed 85248K, reserved 1130496K
  class space    used 11451K, committed 11840K, reserved 1048576K
}
Event: 352.138 GC heap after
{Heap after GC invocations=44 (full 2):
 garbage-first heap   total 96256K, used 45208K [0x0000000084800000, 0x0000000100000000)
  region size 1024K, 2 young (2048K), 2 survivors (2048K)
 Metaspace       used 84474K, committed 85248K, reserved 1130496K
  class space    used 11451K, committed 11840K, reserved 1048576K
}
Event: 356.872 GC heap before
{Heap before GC invocations=45 (full 2):
 garbage-first heap   total 96256K, used 73880K [0x0000000084800000, 0x0000000100000000)
  region size 1024K, 31 young (31744K), 2 survivors (2048K)
 Metaspace       used 84637K, committed 85440K, reserved 1130496K
  class space    used 11459K, committed 11840K, reserved 1048576K
}
Event: 356.874 GC heap after
{Heap after GC invocations=46 (full 2):
 garbage-first heap   total 96256K, used 47511K [0x0000000084800000, 0x0000000100000000)
  region size 1024K, 4 young (4096K), 4 survivors (4096K)
 Metaspace       used 84637K, committed 85440K, reserved 1130496K
  class space    used 11459K, committed 11840K, reserved 1048576K
}
Event: 357.047 GC heap before
{Heap before GC invocations=46 (full 2):
 garbage-first heap   total 96256K, used 75159K [0x0000000084800000, 0x0000000100000000)
  region size 1024K, 31 young (31744K), 4 survivors (4096K)
 Metaspace       used 84691K, committed 85440K, reserved 1130496K
  class space    used 11464K, committed 11840K, reserved 1048576K
}
Event: 357.050 GC heap after
{Heap after GC invocations=47 (full 2):
 garbage-first heap   total 96256K, used 49044K [0x0000000084800000, 0x0000000100000000)
  region size 1024K, 3 young (3072K), 3 survivors (3072K)
 Metaspace       used 84691K, committed 85440K, reserved 1130496K
  class space    used 11464K, committed 11840K, reserved 1048576K
}
Event: 357.159 GC heap before
{Heap before GC invocations=48 (full 2):
 garbage-first heap   total 96256K, used 74644K [0x0000000084800000, 0x0000000100000000)
  region size 1024K, 29 young (29696K), 3 survivors (3072K)
 Metaspace       used 84702K, committed 85440K, reserved 1130496K
  class space    used 11464K, committed 11840K, reserved 1048576K
}
Event: 357.161 GC heap after
{Heap after GC invocations=49 (full 2):
 garbage-first heap   total 96256K, used 49728K [0x0000000084800000, 0x0000000100000000)
  region size 1024K, 1 young (1024K), 1 survivors (1024K)
 Metaspace       used 84702K, committed 85440K, reserved 1130496K
  class space    used 11464K, committed 11840K, reserved 1048576K
}
Event: 357.169 GC heap before
{Heap before GC invocations=49 (full 2):
 garbage-first heap   total 96256K, used 52800K [0x0000000084800000, 0x0000000100000000)
  region size 1024K, 4 young (4096K), 1 survivors (1024K)
 Metaspace       used 84702K, committed 85440K, reserved 1130496K
  class space    used 11464K, committed 11840K, reserved 1048576K
}
Event: 357.170 GC heap after
{Heap after GC invocations=50 (full 2):
 garbage-first heap   total 96256K, used 49921K [0x0000000084800000, 0x0000000100000000)
  region size 1024K, 1 young (1024K), 1 survivors (1024K)
 Metaspace       used 84702K, committed 85440K, reserved 1130496K
  class space    used 11464K, committed 11840K, reserved 1048576K
}
Event: 360.811 GC heap before
{Heap before GC invocations=50 (full 2):
 garbage-first heap   total 96256K, used 76545K [0x0000000084800000, 0x0000000100000000)
  region size 1024K, 27 young (27648K), 1 survivors (1024K)
 Metaspace       used 84953K, committed 85760K, reserved 1130496K
  class space    used 11476K, committed 11840K, reserved 1048576K
}
Event: 360.813 GC heap after
{Heap after GC invocations=51 (full 2):
 garbage-first heap   total 132096K, used 51635K [0x0000000084800000, 0x0000000100000000)
  region size 1024K, 2 young (2048K), 2 survivors (2048K)
 Metaspace       used 84953K, committed 85760K, reserved 1130496K
  class space    used 11476K, committed 11840K, reserved 1048576K
}

