# JRE version: OpenJDK Runtime Environment Temurin-21.0.5+11 (21.0.5+11) (build 21.0.5+11-LTS)
# Java VM: OpenJDK 64-Bit Server VM Temurin-21.0.5+11 (21.0.5+11-LTS, mixed mode, sharing, tiered, compressed oops, compressed class ptrs, parallel gc, windows-amd64)
GC Precious Log:
 CardTable entry size: 512
 CPUs: 12 total, 12 available
 Memory: 7896M
 Large Page Support: Disabled
 NUMA Support: Disabled
 Compressed Oops: Enabled (32-bit)
 Alignments: Space 512K, Generation 512K, Heap 2M
 Heap Min Capacity: 100M
 Heap Initial Capacity: 100M
 Heap Max Capacity: 2G
 Pre-touch: Disabled
 Parallel Workers: 10
Heap:
 PSYoungGen      total 12288K, used 516K [0x00000000d5580000, 0x00000000d6200000, 0x0000000100000000)
  eden space 11264K, 1% used [0x00000000d5580000,0x00000000d55b7cd0,0x00000000d6080000)
  from space 1024K, 28% used [0x00000000d6080000,0x00000000d60c94e0,0x00000000d6180000)
  to   space 512K, 0% used [0x00000000d6180000,0x00000000d6180000,0x00000000d6200000)
 ParOldGen       total 1348608K, used 906219K [0x0000000080000000, 0x00000000d2500000, 0x00000000d5580000)
  object space 1348608K, 67% used [0x0000000080000000,0x00000000b74faf98,0x00000000d2500000)
 Metaspace       used 82155K, committed 83840K, reserved 1179648K
  class space    used 8323K, committed 9088K, reserved 1048576K
GC Heap History (20 events):
Event: 243.286 GC heap before
{Heap before GC invocations=1530 (full 4):
 PSYoungGen      total 4608K, used 4480K [0x00000000d5580000, 0x00000000d5b80000, 0x0000000100000000)
  eden space 4096K, 100% used [0x00000000d5580000,0x00000000d5980000,0x00000000d5980000)
  from space 512K, 75% used [0x00000000d5980000,0x00000000d59e0000,0x00000000d5a00000)
  to   space 512K, 0% used [0x00000000d5b00000,0x00000000d5b00000,0x00000000d5b80000)
 ParOldGen       total 1348608K, used 900482K [0x0000000080000000, 0x00000000d2500000, 0x00000000d5580000)
  object space 1348608K, 66% used [0x0000000080000000,0x00000000b6f608e0,0x00000000d2500000)
 Metaspace       used 82128K, committed 83840K, reserved 1179648K
  class space    used 8323K, committed 9088K, reserved 1048576K
}
Event: 243.287 GC heap after
{Heap after GC invocations=1530 (full 4):
 PSYoungGen      total 5632K, used 352K [0x00000000d5580000, 0x00000000d5b80000, 0x0000000100000000)
  eden space 5120K, 0% used [0x00000000d5580000,0x00000000d5580000,0x00000000d5a80000)
  from space 512K, 68% used [0x00000000d5b00000,0x00000000d5b58000,0x00000000d5b80000)
  to   space 512K, 0% used [0x00000000d5a80000,0x00000000d5a80000,0x00000000d5b00000)
 ParOldGen       total 1348608K, used 900666K [0x0000000080000000, 0x00000000d2500000, 0x00000000d5580000)
  object space 1348608K, 66% used [0x0000000080000000,0x00000000b6f8e8e0,0x00000000d2500000)
 Metaspace       used 82128K, committed 83840K, reserved 1179648K
  class space    used 8323K, committed 9088K, reserved 1048576K
}
Event: 243.294 GC heap before
{Heap before GC invocations=1531 (full 4):
 PSYoungGen      total 5632K, used 5122K [0x00000000d5580000, 0x00000000d5b80000, 0x0000000100000000)
  eden space 5120K, 93% used [0x00000000d5580000,0x00000000d5a289b0,0x00000000d5a80000)
  from space 512K, 68% used [0x00000000d5b00000,0x00000000d5b58000,0x00000000d5b80000)
  to   space 512K, 0% used [0x00000000d5a80000,0x00000000d5a80000,0x00000000d5b00000)
 ParOldGen       total 1348608K, used 900666K [0x0000000080000000, 0x00000000d2500000, 0x00000000d5580000)
  object space 1348608K, 66% used [0x0000000080000000,0x00000000b6f8e8e0,0x00000000d2500000)
 Metaspace       used 82128K, committed 83840K, reserved 1179648K
  class space    used 8323K, committed 9088K, reserved 1048576K
}
Event: 243.297 GC heap after
{Heap after GC invocations=1531 (full 4):
 PSYoungGen      total 5632K, used 512K [0x00000000d5580000, 0x00000000d5d80000, 0x0000000100000000)
  eden space 5120K, 0% used [0x00000000d5580000,0x00000000d5580000,0x00000000d5a80000)
  from space 512K, 100% used [0x00000000d5a80000,0x00000000d5b00000,0x00000000d5b00000)
  to   space 1024K, 0% used [0x00000000d5c80000,0x00000000d5c80000,0x00000000d5d80000)
 ParOldGen       total 1348608K, used 900922K [0x0000000080000000, 0x00000000d2500000, 0x00000000d5580000)
  object space 1348608K, 66% used [0x0000000080000000,0x00000000b6fce8e0,0x00000000d2500000)
 Metaspace       used 82128K, committed 83840K, reserved 1179648K
  class space    used 8323K, committed 9088K, reserved 1048576K
}
Event: 243.305 GC heap before
{Heap before GC invocations=1532 (full 4):
 PSYoungGen      total 5632K, used 5620K [0x00000000d5580000, 0x00000000d5d80000, 0x0000000100000000)
  eden space 5120K, 99% used [0x00000000d5580000,0x00000000d5a7d280,0x00000000d5a80000)
  from space 512K, 100% used [0x00000000d5a80000,0x00000000d5b00000,0x00000000d5b00000)
  to   space 1024K, 0% used [0x00000000d5c80000,0x00000000d5c80000,0x00000000d5d80000)
 ParOldGen       total 1348608K, used 900922K [0x0000000080000000, 0x00000000d2500000, 0x00000000d5580000)
  object space 1348608K, 66% used [0x0000000080000000,0x00000000b6fce8e0,0x00000000d2500000)
 Metaspace       used 82129K, committed 83840K, reserved 1179648K
  class space    used 8323K, committed 9088K, reserved 1048576K
}
Event: 243.313 GC heap after
{Heap after GC invocations=1532 (full 4):
 PSYoungGen      total 7168K, used 717K [0x00000000d5580000, 0x00000000d5d80000, 0x0000000100000000)
  eden space 6144K, 0% used [0x00000000d5580000,0x00000000d5580000,0x00000000d5b80000)
  from space 1024K, 70% used [0x00000000d5c80000,0x00000000d5d33780,0x00000000d5d80000)
  to   space 1024K, 0% used [0x00000000d5b80000,0x00000000d5b80000,0x00000000d5c80000)
 ParOldGen       total 1348608K, used 903167K [0x0000000080000000, 0x00000000d2500000, 0x00000000d5580000)
  object space 1348608K, 66% used [0x0000000080000000,0x00000000b71ffdd8,0x00000000d2500000)
 Metaspace       used 82129K, committed 83840K, reserved 1179648K
  class space    used 8323K, committed 9088K, reserved 1048576K
}
Event: 243.320 GC heap before
{Heap before GC invocations=1533 (full 4):
 PSYoungGen      total 7168K, used 6861K [0x00000000d5580000, 0x00000000d5d80000, 0x0000000100000000)
  eden space 6144K, 100% used [0x00000000d5580000,0x00000000d5b80000,0x00000000d5b80000)
  from space 1024K, 70% used [0x00000000d5c80000,0x00000000d5d33780,0x00000000d5d80000)
  to   space 1024K, 0% used [0x00000000d5b80000,0x00000000d5b80000,0x00000000d5c80000)
 ParOldGen       total 1348608K, used 903167K [0x0000000080000000, 0x00000000d2500000, 0x00000000d5580000)
  object space 1348608K, 66% used [0x0000000080000000,0x00000000b71ffdd8,0x00000000d2500000)
 Metaspace       used 82129K, committed 83840K, reserved 1179648K
  class space    used 8323K, committed 9088K, reserved 1048576K
}
Event: 243.322 GC heap after
{Heap after GC invocations=1533 (full 4):
 PSYoungGen      total 7168K, used 448K [0x00000000d5580000, 0x00000000d5f00000, 0x0000000100000000)
  eden space 6144K, 0% used [0x00000000d5580000,0x00000000d5580000,0x00000000d5b80000)
  from space 1024K, 43% used [0x00000000d5b80000,0x00000000d5bf0000,0x00000000d5c80000)
  to   space 1024K, 0% used [0x00000000d5e00000,0x00000000d5e00000,0x00000000d5f00000)
 ParOldGen       total 1348608K, used 903362K [0x0000000080000000, 0x00000000d2500000, 0x00000000d5580000)
  object space 1348608K, 66% used [0x0000000080000000,0x00000000b7230bf8,0x00000000d2500000)
 Metaspace       used 82129K, committed 83840K, reserved 1179648K
  class space    used 8323K, committed 9088K, reserved 1048576K
}
Event: 243.333 GC heap before
{Heap before GC invocations=1534 (full 4):
 PSYoungGen      total 7168K, used 6270K [0x00000000d5580000, 0x00000000d5f00000, 0x0000000100000000)
  eden space 6144K, 94% used [0x00000000d5580000,0x00000000d5b2fb20,0x00000000d5b80000)
  from space 1024K, 43% used [0x00000000d5b80000,0x00000000d5bf0000,0x00000000d5c80000)
  to   space 1024K, 0% used [0x00000000d5e00000,0x00000000d5e00000,0x00000000d5f00000)
 ParOldGen       total 1348608K, used 903362K [0x0000000080000000, 0x00000000d2500000, 0x00000000d5580000)
  object space 1348608K, 66% used [0x0000000080000000,0x00000000b7230bf8,0x00000000d2500000)
 Metaspace       used 82129K, committed 83840K, reserved 1179648K
  class space    used 8323K, committed 9088K, reserved 1048576K
}
Event: 243.336 GC heap after
{Heap after GC invocations=1534 (full 4):
 PSYoungGen      total 8704K, used 653K [0x00000000d5580000, 0x00000000d5f00000, 0x0000000100000000)
  eden space 7680K, 0% used [0x00000000d5580000,0x00000000d5580000,0x00000000d5d00000)
  from space 1024K, 63% used [0x00000000d5e00000,0x00000000d5ea36f0,0x00000000d5f00000)
  to   space 1024K, 0% used [0x00000000d5d00000,0x00000000d5d00000,0x00000000d5e00000)
 ParOldGen       total 1348608K, used 903802K [0x0000000080000000, 0x00000000d2500000, 0x00000000d5580000)
  object space 1348608K, 67% used [0x0000000080000000,0x00000000b729ebf8,0x00000000d2500000)
 Metaspace       used 82129K, committed 83840K, reserved 1179648K
  class space    used 8323K, committed 9088K, reserved 1048576K
}
Event: 243.345 GC heap before
{Heap before GC invocations=1535 (full 4):
 PSYoungGen      total 8704K, used 8333K [0x00000000d5580000, 0x00000000d5f00000, 0x0000000100000000)
  eden space 7680K, 100% used [0x00000000d5580000,0x00000000d5d00000,0x00000000d5d00000)
  from space 1024K, 63% used [0x00000000d5e00000,0x00000000d5ea36f0,0x00000000d5f00000)
  to   space 1024K, 0% used [0x00000000d5d00000,0x00000000d5d00000,0x00000000d5e00000)
 ParOldGen       total 1348608K, used 903802K [0x0000000080000000, 0x00000000d2500000, 0x00000000d5580000)
  object space 1348608K, 67% used [0x0000000080000000,0x00000000b729ebf8,0x00000000d2500000)
 Metaspace       used 82129K, committed 83840K, reserved 1179648K
  class space    used 8323K, committed 9088K, reserved 1048576K
}
Event: 243.347 GC heap after
{Heap after GC invocations=1535 (full 4):
 PSYoungGen      total 8704K, used 512K [0x00000000d5580000, 0x00000000d6080000, 0x0000000100000000)
  eden space 7680K, 0% used [0x00000000d5580000,0x00000000d5580000,0x00000000d5d00000)
  from space 1024K, 50% used [0x00000000d5d00000,0x00000000d5d80000,0x00000000d5e00000)
  to   space 1024K, 0% used [0x00000000d5f80000,0x00000000d5f80000,0x00000000d6080000)
 ParOldGen       total 1348608K, used 904330K [0x0000000080000000, 0x00000000d2500000, 0x00000000d5580000)
  object space 1348608K, 67% used [0x0000000080000000,0x00000000b7322be8,0x00000000d2500000)
 Metaspace       used 82129K, committed 83840K, reserved 1179648K
  class space    used 8323K, committed 9088K, reserved 1048576K
}
Event: 243.358 GC heap before
{Heap before GC invocations=1536 (full 4):
 PSYoungGen      total 8704K, used 7460K [0x00000000d5580000, 0x00000000d6080000, 0x0000000100000000)
  eden space 7680K, 90% used [0x00000000d5580000,0x00000000d5c492b8,0x00000000d5d00000)
  from space 1024K, 50% used [0x00000000d5d00000,0x00000000d5d80000,0x00000000d5e00000)
  to   space 1024K, 0% used [0x00000000d5f80000,0x00000000d5f80000,0x00000000d6080000)
 ParOldGen       total 1348608K, used 904330K [0x0000000080000000, 0x00000000d2500000, 0x00000000d5580000)
  object space 1348608K, 67% used [0x0000000080000000,0x00000000b7322be8,0x00000000d2500000)
 Metaspace       used 82129K, committed 83840K, reserved 1179648K
  class space    used 8323K, committed 9088K, reserved 1048576K
}
Event: 243.361 GC heap after
{Heap after GC invocations=1536 (full 4):
 PSYoungGen      total 10240K, used 739K [0x00000000d5580000, 0x00000000d6080000, 0x0000000100000000)
  eden space 9216K, 0% used [0x00000000d5580000,0x00000000d5580000,0x00000000d5e80000)
  from space 1024K, 72% used [0x00000000d5f80000,0x00000000d6038ce0,0x00000000d6080000)
  to   space 1024K, 0% used [0x00000000d5e80000,0x00000000d5e80000,0x00000000d5f80000)
 ParOldGen       total 1348608K, used 904738K [0x0000000080000000, 0x00000000d2500000, 0x00000000d5580000)
  object space 1348608K, 67% used [0x0000000080000000,0x00000000b7388be8,0x00000000d2500000)
 Metaspace       used 82129K, committed 83840K, reserved 1179648K
  class space    used 8323K, committed 9088K, reserved 1048576K
}
Event: 243.371 GC heap before
{Heap before GC invocations=1537 (full 4):
 PSYoungGen      total 10240K, used 9955K [0x00000000d5580000, 0x00000000d6080000, 0x0000000100000000)
  eden space 9216K, 100% used [0x00000000d5580000,0x00000000d5e80000,0x00000000d5e80000)
  from space 1024K, 72% used [0x00000000d5f80000,0x00000000d6038ce0,0x00000000d6080000)
  to   space 1024K, 0% used [0x00000000d5e80000,0x00000000d5e80000,0x00000000d5f80000)
 ParOldGen       total 1348608K, used 904738K [0x0000000080000000, 0x00000000d2500000, 0x00000000d5580000)
  object space 1348608K, 67% used [0x0000000080000000,0x00000000b7388be8,0x00000000d2500000)
 Metaspace       used 82130K, committed 83840K, reserved 1179648K
  class space    used 8323K, committed 9088K, reserved 1048576K
}
Event: 243.374 GC heap after
{Heap after GC invocations=1537 (full 4):
 PSYoungGen      total 10240K, used 544K [0x00000000d5580000, 0x00000000d6280000, 0x0000000100000000)
  eden space 9216K, 0% used [0x00000000d5580000,0x00000000d5580000,0x00000000d5e80000)
  from space 1024K, 53% used [0x00000000d5e80000,0x00000000d5f08000,0x00000000d5f80000)
  to   space 1024K, 0% used [0x00000000d6180000,0x00000000d6180000,0x00000000d6280000)
 ParOldGen       total 1348608K, used 905326K [0x0000000080000000, 0x00000000d2500000, 0x00000000d5580000)
  object space 1348608K, 67% used [0x0000000080000000,0x00000000b741b8c8,0x00000000d2500000)
 Metaspace       used 82130K, committed 83840K, reserved 1179648K
  class space    used 8323K, committed 9088K, reserved 1048576K
}
Event: 243.386 GC heap before
{Heap before GC invocations=1538 (full 4):
 PSYoungGen      total 10240K, used 8558K [0x00000000d5580000, 0x00000000d6280000, 0x0000000100000000)
  eden space 9216K, 86% used [0x00000000d5580000,0x00000000d5d53958,0x00000000d5e80000)
  from space 1024K, 53% used [0x00000000d5e80000,0x00000000d5f08000,0x00000000d5f80000)
  to   space 1024K, 0% used [0x00000000d6180000,0x00000000d6180000,0x00000000d6280000)
 ParOldGen       total 1348608K, used 905326K [0x0000000080000000, 0x00000000d2500000, 0x00000000d5580000)
  object space 1348608K, 67% used [0x0000000080000000,0x00000000b741b8c8,0x00000000d2500000)
 Metaspace       used 82133K, committed 83840K, reserved 1179648K
  class space    used 8323K, committed 9088K, reserved 1048576K
}
Event: 243.388 GC heap after
{Heap after GC invocations=1538 (full 4):
 PSYoungGen      total 12288K, used 762K [0x00000000d5580000, 0x00000000d6280000, 0x0000000100000000)
  eden space 11264K, 0% used [0x00000000d5580000,0x00000000d5580000,0x00000000d6080000)
  from space 1024K, 74% used [0x00000000d6180000,0x00000000d623e900,0x00000000d6280000)
  to   space 1024K, 0% used [0x00000000d6080000,0x00000000d6080000,0x00000000d6180000)
 ParOldGen       total 1348608K, used 905774K [0x0000000080000000, 0x00000000d2500000, 0x00000000d5580000)
  object space 1348608K, 67% used [0x0000000080000000,0x00000000b748b8c8,0x00000000d2500000)
 Metaspace       used 82133K, committed 83840K, reserved 1179648K
  class space    used 8323K, committed 9088K, reserved 1048576K
}
Event: 243.410 GC heap before
{Heap before GC invocations=1539 (full 4):
 PSYoungGen      total 12288K, used 12026K [0x00000000d5580000, 0x00000000d6280000, 0x0000000100000000)
  eden space 11264K, 100% used [0x00000000d5580000,0x00000000d6080000,0x00000000d6080000)
  from space 1024K, 74% used [0x00000000d6180000,0x00000000d623e900,0x00000000d6280000)
  to   space 1024K, 0% used [0x00000000d6080000,0x00000000d6080000,0x00000000d6180000)
 ParOldGen       total 1348608K, used 905774K [0x0000000080000000, 0x00000000d2500000, 0x00000000d5580000)
  object space 1348608K, 67% used [0x0000000080000000,0x00000000b748b8c8,0x00000000d2500000)
 Metaspace       used 82154K, committed 83840K, reserved 1179648K
  class space    used 8323K, committed 9088K, reserved 1048576K
}
Event: 243.413 GC heap after
{Heap after GC invocations=1539 (full 4):
 PSYoungGen      total 12288K, used 293K [0x00000000d5580000, 0x00000000d6200000, 0x0000000100000000)
  eden space 11264K, 0% used [0x00000000d5580000,0x00000000d5580000,0x00000000d6080000)
  from space 1024K, 28% used [0x00000000d6080000,0x00000000d60c94e0,0x00000000d6180000)
  to   space 512K, 0% used [0x00000000d6180000,0x00000000d6180000,0x00000000d6200000)
 ParOldGen       total 1348608K, used 906219K [0x0000000080000000, 0x00000000d2500000, 0x00000000d5580000)
  object space 1348608K, 67% used [0x0000000080000000,0x00000000b74faf98,0x00000000d2500000)
 Metaspace       used 82154K, committed 83840K, reserved 1179648K
  class space    used 8323K, committed 9088K, reserved 1048576K
}

