# JRE version: OpenJDK Runtime Environment Temurin-21.0.5+11 (21.0.5+11) (build 21.0.5+11-LTS)
# Java VM: OpenJDK 64-Bit Server VM Temurin-21.0.5+11 (21.0.5+11-LTS, mixed mode, sharing, tiered, compressed oops, compressed class ptrs, parallel gc, windows-amd64)
GC Precious Log:
 CardTable entry size: 512
 CPUs: 12 total, 12 available
 Memory: 7896M
 Large Page Support: Disabled
 NUMA Support: Disabled
 Compressed Oops: Enabled (32-bit)
 Alignments: Space 512K, Generation 512K, Heap 2M
 Heap Min Capacity: 100M
 Heap Initial Capacity: 100M
 Heap Max Capacity: 2G
 Pre-touch: Disabled
 Parallel Workers: 10
Heap:
 PSYoungGen      total 7680K, used 6061K [0x00000000d5580000, 0x00000000d6300000, 0x0000000100000000)
  eden space 4608K, 68% used [0x00000000d5580000,0x00000000d58937f8,0x00000000d5a00000)
  from space 3072K, 94% used [0x00000000d6000000,0x00000000d62d8000,0x00000000d6300000)
  to   space 4096K, 0% used [0x00000000d5b00000,0x00000000d5b00000,0x00000000d5f00000)
 ParOldGen       total 894976K, used 894651K [0x0000000080000000, 0x00000000b6a00000, 0x00000000d5580000)
  object space 894976K, 99% used [0x0000000080000000,0x00000000b69aefa0,0x00000000b6a00000)
 Metaspace       used 75923K, committed 77568K, reserved 1179648K
  class space    used 7934K, committed 8640K, reserved 1048576K
GC Heap History (20 events):
Event: 287.556 GC heap before
{Heap before GC invocations=1258 (full 3):
 PSYoungGen      total 3584K, used 3200K [0x00000000d5580000, 0x00000000d5b80000, 0x0000000100000000)
  eden space 1536K, 100% used [0x00000000d5580000,0x00000000d5700000,0x00000000d5700000)
  from space 2048K, 81% used [0x00000000d5900000,0x00000000d5aa0000,0x00000000d5b00000)
  to   space 2048K, 0% used [0x00000000d5700000,0x00000000d5700000,0x00000000d5900000)
 ParOldGen       total 877568K, used 877078K [0x0000000080000000, 0x00000000b5900000, 0x00000000d5580000)
  object space 877568K, 99% used [0x0000000080000000,0x00000000b5885878,0x00000000b5900000)
 Metaspace       used 75851K, committed 77440K, reserved 1179648K
  class space    used 7930K, committed 8640K, reserved 1048576K
}
Event: 287.559 GC heap after
{Heap after GC invocations=1258 (full 3):
 PSYoungGen      total 3584K, used 1664K [0x00000000d5580000, 0x00000000d5b80000, 0x0000000100000000)
  eden space 1536K, 0% used [0x00000000d5580000,0x00000000d5580000,0x00000000d5700000)
  from space 2048K, 81% used [0x00000000d5700000,0x00000000d58a0000,0x00000000d5900000)
  to   space 2048K, 0% used [0x00000000d5980000,0x00000000d5980000,0x00000000d5b80000)
 ParOldGen       total 879104K, used 878638K [0x0000000080000000, 0x00000000b5a80000, 0x00000000d5580000)
  object space 879104K, 99% used [0x0000000080000000,0x00000000b5a0b878,0x00000000b5a80000)
 Metaspace       used 75851K, committed 77440K, reserved 1179648K
  class space    used 7930K, committed 8640K, reserved 1048576K
}
Event: 287.561 GC heap before
{Heap before GC invocations=1259 (full 3):
 PSYoungGen      total 3584K, used 3200K [0x00000000d5580000, 0x00000000d5b80000, 0x0000000100000000)
  eden space 1536K, 100% used [0x00000000d5580000,0x00000000d5700000,0x00000000d5700000)
  from space 2048K, 81% used [0x00000000d5700000,0x00000000d58a0000,0x00000000d5900000)
  to   space 2048K, 0% used [0x00000000d5980000,0x00000000d5980000,0x00000000d5b80000)
 ParOldGen       total 879104K, used 878638K [0x0000000080000000, 0x00000000b5a80000, 0x00000000d5580000)
  object space 879104K, 99% used [0x0000000080000000,0x00000000b5a0b878,0x00000000b5a80000)
 Metaspace       used 75856K, committed 77504K, reserved 1179648K
  class space    used 7930K, committed 8640K, reserved 1048576K
}
Event: 287.564 GC heap after
{Heap after GC invocations=1259 (full 3):
 PSYoungGen      total 4096K, used 1472K [0x00000000d5580000, 0x00000000d5b80000, 0x0000000100000000)
  eden space 2048K, 0% used [0x00000000d5580000,0x00000000d5580000,0x00000000d5780000)
  from space 2048K, 71% used [0x00000000d5980000,0x00000000d5af0000,0x00000000d5b80000)
  to   space 2048K, 0% used [0x00000000d5780000,0x00000000d5780000,0x00000000d5980000)
 ParOldGen       total 880640K, used 880182K [0x0000000080000000, 0x00000000b5c00000, 0x00000000d5580000)
  object space 880640K, 99% used [0x0000000080000000,0x00000000b5b8d878,0x00000000b5c00000)
 Metaspace       used 75856K, committed 77504K, reserved 1179648K
  class space    used 7930K, committed 8640K, reserved 1048576K
}
Event: 287.568 GC heap before
{Heap before GC invocations=1260 (full 3):
 PSYoungGen      total 4096K, used 3520K [0x00000000d5580000, 0x00000000d5b80000, 0x0000000100000000)
  eden space 2048K, 100% used [0x00000000d5580000,0x00000000d5780000,0x00000000d5780000)
  from space 2048K, 71% used [0x00000000d5980000,0x00000000d5af0000,0x00000000d5b80000)
  to   space 2048K, 0% used [0x00000000d5780000,0x00000000d5780000,0x00000000d5980000)
 ParOldGen       total 880640K, used 880182K [0x0000000080000000, 0x00000000b5c00000, 0x00000000d5580000)
  object space 880640K, 99% used [0x0000000080000000,0x00000000b5b8d878,0x00000000b5c00000)
 Metaspace       used 75858K, committed 77504K, reserved 1179648K
  class space    used 7930K, committed 8640K, reserved 1048576K
}
Event: 287.571 GC heap after
{Heap after GC invocations=1260 (full 3):
 PSYoungGen      total 4096K, used 1824K [0x00000000d5580000, 0x00000000d5c00000, 0x0000000100000000)
  eden space 2048K, 0% used [0x00000000d5580000,0x00000000d5580000,0x00000000d5780000)
  from space 2048K, 89% used [0x00000000d5780000,0x00000000d5948000,0x00000000d5980000)
  to   space 2048K, 0% used [0x00000000d5a00000,0x00000000d5a00000,0x00000000d5c00000)
 ParOldGen       total 881664K, used 881510K [0x0000000080000000, 0x00000000b5d00000, 0x00000000d5580000)
  object space 881664K, 99% used [0x0000000080000000,0x00000000b5cd9878,0x00000000b5d00000)
 Metaspace       used 75858K, committed 77504K, reserved 1179648K
  class space    used 7930K, committed 8640K, reserved 1048576K
}
Event: 287.575 GC heap before
{Heap before GC invocations=1261 (full 3):
 PSYoungGen      total 4096K, used 3871K [0x00000000d5580000, 0x00000000d5c00000, 0x0000000100000000)
  eden space 2048K, 99% used [0x00000000d5580000,0x00000000d577fff0,0x00000000d5780000)
  from space 2048K, 89% used [0x00000000d5780000,0x00000000d5948000,0x00000000d5980000)
  to   space 2048K, 0% used [0x00000000d5a00000,0x00000000d5a00000,0x00000000d5c00000)
 ParOldGen       total 881664K, used 881510K [0x0000000080000000, 0x00000000b5d00000, 0x00000000d5580000)
  object space 881664K, 99% used [0x0000000080000000,0x00000000b5cd9878,0x00000000b5d00000)
 Metaspace       used 75863K, committed 77504K, reserved 1179648K
  class space    used 7930K, committed 8640K, reserved 1048576K
}
Event: 287.578 GC heap after
{Heap after GC invocations=1261 (full 3):
 PSYoungGen      total 4096K, used 2016K [0x00000000d5580000, 0x00000000d5d00000, 0x0000000100000000)
  eden space 2048K, 0% used [0x00000000d5580000,0x00000000d5580000,0x00000000d5780000)
  from space 2048K, 98% used [0x00000000d5a00000,0x00000000d5bf8000,0x00000000d5c00000)
  to   space 2560K, 0% used [0x00000000d5780000,0x00000000d5780000,0x00000000d5a00000)
 ParOldGen       total 883712K, used 883254K [0x0000000080000000, 0x00000000b5f00000, 0x00000000d5580000)
  object space 883712K, 99% used [0x0000000080000000,0x00000000b5e8d878,0x00000000b5f00000)
 Metaspace       used 75863K, committed 77504K, reserved 1179648K
  class space    used 7930K, committed 8640K, reserved 1048576K
}
Event: 287.586 GC heap before
{Heap before GC invocations=1262 (full 3):
 PSYoungGen      total 4096K, used 4064K [0x00000000d5580000, 0x00000000d5d00000, 0x0000000100000000)
  eden space 2048K, 100% used [0x00000000d5580000,0x00000000d5780000,0x00000000d5780000)
  from space 2048K, 98% used [0x00000000d5a00000,0x00000000d5bf8000,0x00000000d5c00000)
  to   space 2560K, 0% used [0x00000000d5780000,0x00000000d5780000,0x00000000d5a00000)
 ParOldGen       total 883712K, used 883254K [0x0000000080000000, 0x00000000b5f00000, 0x00000000d5580000)
  object space 883712K, 99% used [0x0000000080000000,0x00000000b5e8d878,0x00000000b5f00000)
 Metaspace       used 75873K, committed 77504K, reserved 1179648K
  class space    used 7930K, committed 8640K, reserved 1048576K
}
Event: 287.589 GC heap after
{Heap after GC invocations=1262 (full 3):
 PSYoungGen      total 3072K, used 1024K [0x00000000d5580000, 0x00000000d5b00000, 0x0000000100000000)
  eden space 2048K, 0% used [0x00000000d5580000,0x00000000d5580000,0x00000000d5780000)
  from space 1024K, 100% used [0x00000000d5780000,0x00000000d5880000,0x00000000d5880000)
  to   space 1536K, 0% used [0x00000000d5980000,0x00000000d5980000,0x00000000d5b00000)
 ParOldGen       total 885248K, used 885158K [0x0000000080000000, 0x00000000b6080000, 0x00000000d5580000)
  object space 885248K, 99% used [0x0000000080000000,0x00000000b6069878,0x00000000b6080000)
 Metaspace       used 75873K, committed 77504K, reserved 1179648K
  class space    used 7930K, committed 8640K, reserved 1048576K
}
Event: 287.601 GC heap before
{Heap before GC invocations=1263 (full 3):
 PSYoungGen      total 3072K, used 2999K [0x00000000d5580000, 0x00000000d5b00000, 0x0000000100000000)
  eden space 2048K, 96% used [0x00000000d5580000,0x00000000d576dcc0,0x00000000d5780000)
  from space 1024K, 100% used [0x00000000d5780000,0x00000000d5880000,0x00000000d5880000)
  to   space 1536K, 0% used [0x00000000d5980000,0x00000000d5980000,0x00000000d5b00000)
 ParOldGen       total 885248K, used 885158K [0x0000000080000000, 0x00000000b6080000, 0x00000000d5580000)
  object space 885248K, 99% used [0x0000000080000000,0x00000000b6069878,0x00000000b6080000)
 Metaspace       used 75875K, committed 77504K, reserved 1179648K
  class space    used 7930K, committed 8640K, reserved 1048576K
}
Event: 287.603 GC heap after
{Heap after GC invocations=1263 (full 3):
 PSYoungGen      total 3584K, used 797K [0x00000000d5580000, 0x00000000d5a80000, 0x0000000100000000)
  eden space 2560K, 0% used [0x00000000d5580000,0x00000000d5580000,0x00000000d5800000)
  from space 1024K, 77% used [0x00000000d5980000,0x00000000d5a47408,0x00000000d5a80000)
  to   space 1024K, 0% used [0x00000000d5880000,0x00000000d5880000,0x00000000d5980000)
 ParOldGen       total 886272K, used 886038K [0x0000000080000000, 0x00000000b6180000, 0x00000000d5580000)
  object space 886272K, 99% used [0x0000000080000000,0x00000000b6145878,0x00000000b6180000)
 Metaspace       used 75875K, committed 77504K, reserved 1179648K
  class space    used 7930K, committed 8640K, reserved 1048576K
}
Event: 287.609 GC heap before
{Heap before GC invocations=1264 (full 3):
 PSYoungGen      total 3584K, used 3356K [0x00000000d5580000, 0x00000000d5a80000, 0x0000000100000000)
  eden space 2560K, 99% used [0x00000000d5580000,0x00000000d57fffe0,0x00000000d5800000)
  from space 1024K, 77% used [0x00000000d5980000,0x00000000d5a47408,0x00000000d5a80000)
  to   space 1024K, 0% used [0x00000000d5880000,0x00000000d5880000,0x00000000d5980000)
 ParOldGen       total 886272K, used 886038K [0x0000000080000000, 0x00000000b6180000, 0x00000000d5580000)
  object space 886272K, 99% used [0x0000000080000000,0x00000000b6145878,0x00000000b6180000)
 Metaspace       used 75875K, committed 77504K, reserved 1179648K
  class space    used 7930K, committed 8640K, reserved 1048576K
}
Event: 287.612 GC heap after
{Heap after GC invocations=1264 (full 3):
 PSYoungGen      total 4096K, used 1020K [0x00000000d5580000, 0x00000000d5f80000, 0x0000000100000000)
  eden space 3072K, 0% used [0x00000000d5580000,0x00000000d5580000,0x00000000d5880000)
  from space 1024K, 99% used [0x00000000d5880000,0x00000000d597f390,0x00000000d5980000)
  to   space 3584K, 0% used [0x00000000d5c00000,0x00000000d5c00000,0x00000000d5f80000)
 ParOldGen       total 888320K, used 888174K [0x0000000080000000, 0x00000000b6380000, 0x00000000d5580000)
  object space 888320K, 99% used [0x0000000080000000,0x00000000b635ba60,0x00000000b6380000)
 Metaspace       used 75875K, committed 77504K, reserved 1179648K
  class space    used 7930K, committed 8640K, reserved 1048576K
}
Event: 287.626 GC heap before
{Heap before GC invocations=1265 (full 3):
 PSYoungGen      total 4096K, used 4092K [0x00000000d5580000, 0x00000000d5f80000, 0x0000000100000000)
  eden space 3072K, 100% used [0x00000000d5580000,0x00000000d5880000,0x00000000d5880000)
  from space 1024K, 99% used [0x00000000d5880000,0x00000000d597f390,0x00000000d5980000)
  to   space 3584K, 0% used [0x00000000d5c00000,0x00000000d5c00000,0x00000000d5f80000)
 ParOldGen       total 888320K, used 888174K [0x0000000080000000, 0x00000000b6380000, 0x00000000d5580000)
  object space 888320K, 99% used [0x0000000080000000,0x00000000b635ba60,0x00000000b6380000)
 Metaspace       used 75877K, committed 77504K, reserved 1179648K
  class space    used 7930K, committed 8640K, reserved 1048576K
}
Event: 287.629 GC heap after
{Heap after GC invocations=1265 (full 3):
 PSYoungGen      total 7168K, used 2625K [0x00000000d5580000, 0x00000000d5f80000, 0x0000000100000000)
  eden space 3584K, 0% used [0x00000000d5580000,0x00000000d5580000,0x00000000d5900000)
  from space 3584K, 73% used [0x00000000d5c00000,0x00000000d5e90530,0x00000000d5f80000)
  to   space 3072K, 0% used [0x00000000d5900000,0x00000000d5900000,0x00000000d5c00000)
 ParOldGen       total 889344K, used 889189K [0x0000000080000000, 0x00000000b6480000, 0x00000000d5580000)
  object space 889344K, 99% used [0x0000000080000000,0x00000000b6459558,0x00000000b6480000)
 Metaspace       used 75877K, committed 77504K, reserved 1179648K
  class space    used 7930K, committed 8640K, reserved 1048576K
}
Event: 287.633 GC heap before
{Heap before GC invocations=1266 (full 3):
 PSYoungGen      total 7168K, used 6209K [0x00000000d5580000, 0x00000000d5f80000, 0x0000000100000000)
  eden space 3584K, 100% used [0x00000000d5580000,0x00000000d5900000,0x00000000d5900000)
  from space 3584K, 73% used [0x00000000d5c00000,0x00000000d5e90530,0x00000000d5f80000)
  to   space 3072K, 0% used [0x00000000d5900000,0x00000000d5900000,0x00000000d5c00000)
 ParOldGen       total 889344K, used 889189K [0x0000000080000000, 0x00000000b6480000, 0x00000000d5580000)
  object space 889344K, 99% used [0x0000000080000000,0x00000000b6459558,0x00000000b6480000)
 Metaspace       used 75877K, committed 77504K, reserved 1179648K
  class space    used 7930K, committed 8640K, reserved 1048576K
}
Event: 287.636 GC heap after
{Heap after GC invocations=1266 (full 3):
 PSYoungGen      total 6656K, used 3040K [0x00000000d5580000, 0x00000000d6600000, 0x0000000100000000)
  eden space 3584K, 0% used [0x00000000d5580000,0x00000000d5580000,0x00000000d5900000)
  from space 3072K, 98% used [0x00000000d5900000,0x00000000d5bf8020,0x00000000d5c00000)
  to   space 6144K, 0% used [0x00000000d6000000,0x00000000d6000000,0x00000000d6600000)
 ParOldGen       total 891904K, used 891683K [0x0000000080000000, 0x00000000b6700000, 0x00000000d5580000)
  object space 891904K, 99% used [0x0000000080000000,0x00000000b66c8f80,0x00000000b6700000)
 Metaspace       used 75877K, committed 77504K, reserved 1179648K
  class space    used 7930K, committed 8640K, reserved 1048576K
}
Event: 287.640 GC heap before
{Heap before GC invocations=1267 (full 3):
 PSYoungGen      total 6656K, used 6624K [0x00000000d5580000, 0x00000000d6600000, 0x0000000100000000)
  eden space 3584K, 100% used [0x00000000d5580000,0x00000000d5900000,0x00000000d5900000)
  from space 3072K, 98% used [0x00000000d5900000,0x00000000d5bf8020,0x00000000d5c00000)
  to   space 6144K, 0% used [0x00000000d6000000,0x00000000d6000000,0x00000000d6600000)
 ParOldGen       total 891904K, used 891683K [0x0000000080000000, 0x00000000b6700000, 0x00000000d5580000)
  object space 891904K, 99% used [0x0000000080000000,0x00000000b66c8f80,0x00000000b6700000)
 Metaspace       used 75879K, committed 77504K, reserved 1179648K
  class space    used 7930K, committed 8640K, reserved 1048576K
}
Event: 287.645 GC heap after
{Heap after GC invocations=1267 (full 3):
 PSYoungGen      total 7680K, used 2912K [0x00000000d5580000, 0x00000000d6300000, 0x0000000100000000)
  eden space 4608K, 0% used [0x00000000d5580000,0x00000000d5580000,0x00000000d5a00000)
  from space 3072K, 94% used [0x00000000d6000000,0x00000000d62d8000,0x00000000d6300000)
  to   space 4096K, 0% used [0x00000000d5b00000,0x00000000d5b00000,0x00000000d5f00000)
 ParOldGen       total 894976K, used 894651K [0x0000000080000000, 0x00000000b6a00000, 0x00000000d5580000)
  object space 894976K, 99% used [0x0000000080000000,0x00000000b69aefa0,0x00000000b6a00000)
 Metaspace       used 75879K, committed 77504K, reserved 1179648K
  class space    used 7930K, committed 8640K, reserved 1048576K
}

