# JRE version: OpenJDK Runtime Environment Temurin-21.0.5+11 (21.0.5+11) (build 21.0.5+11-LTS)
# Java VM: OpenJDK 64-Bit Server VM Temurin-21.0.5+11 (21.0.5+11-LTS, mixed mode, sharing, tiered, compressed oops, compressed class ptrs, parallel gc, windows-amd64)
GC Precious Log:
 CardTable entry size: 512
 CPUs: 12 total, 12 available
 Memory: 7896M
 Large Page Support: Disabled
 NUMA Support: Disabled
 Compressed Oops: Enabled (32-bit)
 Alignments: Space 512K, Generation 512K, Heap 2M
 Heap Min Capacity: 100M
 Heap Initial Capacity: 100M
 Heap Max Capacity: 2G
 Pre-touch: Disabled
 Parallel Workers: 10
Heap:
 PSYoungGen      total 3584K, used 907K [0x00000000d5580000, 0x00000000d5d00000, 0x0000000100000000)
  eden space 3072K, 18% used [0x00000000d5580000,0x00000000d560aed8,0x00000000d5880000)
  from space 512K, 68% used [0x00000000d5c80000,0x00000000d5cd8000,0x00000000d5d00000)
  to   space 512K, 0% used [0x00000000d5c00000,0x00000000d5c00000,0x00000000d5c80000)
 ParOldGen       total 473600K, used 473326K [0x0000000080000000, 0x000000009ce80000, 0x00000000d5580000)
  object space 473600K, 99% used [0x0000000080000000,0x000000009ce3b870,0x000000009ce80000)
 Metaspace       used 80472K, committed 82112K, reserved 1179648K
  class space    used 8412K, committed 9152K, reserved 1048576K
GC Heap History (20 events):
Event: 112.966 GC heap before
{Heap before GC invocations=1315 (full 4):
 PSYoungGen      total 3584K, used 3231K [0x00000000d5580000, 0x00000000d5d00000, 0x0000000100000000)
  eden space 3072K, 99% used [0x00000000d5580000,0x00000000d587fff8,0x00000000d5880000)
  from space 512K, 31% used [0x00000000d5c80000,0x00000000d5ca8000,0x00000000d5d00000)
  to   space 512K, 0% used [0x00000000d5c00000,0x00000000d5c00000,0x00000000d5c80000)
 ParOldGen       total 472576K, used 472224K [0x0000000080000000, 0x000000009cd80000, 0x00000000d5580000)
  object space 472576K, 99% used [0x0000000080000000,0x000000009cd28108,0x000000009cd80000)
 Metaspace       used 77488K, committed 79104K, reserved 1179648K
  class space    used 7998K, committed 8704K, reserved 1048576K
}
Event: 112.968 GC heap after
{Heap after GC invocations=1315 (full 4):
 PSYoungGen      total 3584K, used 224K [0x00000000d5580000, 0x00000000d5d00000, 0x0000000100000000)
  eden space 3072K, 0% used [0x00000000d5580000,0x00000000d5580000,0x00000000d5880000)
  from space 512K, 43% used [0x00000000d5c00000,0x00000000d5c38000,0x00000000d5c80000)
  to   space 512K, 0% used [0x00000000d5c80000,0x00000000d5c80000,0x00000000d5d00000)
 ParOldGen       total 472576K, used 472264K [0x0000000080000000, 0x000000009cd80000, 0x00000000d5580000)
  object space 472576K, 99% used [0x0000000080000000,0x000000009cd32108,0x000000009cd80000)
 Metaspace       used 77488K, committed 79104K, reserved 1179648K
  class space    used 7998K, committed 8704K, reserved 1048576K
}
Event: 113.103 GC heap before
{Heap before GC invocations=1316 (full 4):
 PSYoungGen      total 3584K, used 3296K [0x00000000d5580000, 0x00000000d5d00000, 0x0000000100000000)
  eden space 3072K, 100% used [0x00000000d5580000,0x00000000d5880000,0x00000000d5880000)
  from space 512K, 43% used [0x00000000d5c00000,0x00000000d5c38000,0x00000000d5c80000)
  to   space 512K, 0% used [0x00000000d5c80000,0x00000000d5c80000,0x00000000d5d00000)
 ParOldGen       total 472576K, used 472264K [0x0000000080000000, 0x000000009cd80000, 0x00000000d5580000)
  object space 472576K, 99% used [0x0000000080000000,0x000000009cd32108,0x000000009cd80000)
 Metaspace       used 77494K, committed 79104K, reserved 1179648K
  class space    used 7999K, committed 8704K, reserved 1048576K
}
Event: 113.108 GC heap after
{Heap after GC invocations=1316 (full 4):
 PSYoungGen      total 3584K, used 320K [0x00000000d5580000, 0x00000000d5d00000, 0x0000000100000000)
  eden space 3072K, 0% used [0x00000000d5580000,0x00000000d5580000,0x00000000d5880000)
  from space 512K, 62% used [0x00000000d5c80000,0x00000000d5cd0000,0x00000000d5d00000)
  to   space 512K, 0% used [0x00000000d5c00000,0x00000000d5c00000,0x00000000d5c80000)
 ParOldGen       total 472576K, used 472296K [0x0000000080000000, 0x000000009cd80000, 0x00000000d5580000)
  object space 472576K, 99% used [0x0000000080000000,0x000000009cd3a108,0x000000009cd80000)
 Metaspace       used 77494K, committed 79104K, reserved 1179648K
  class space    used 7999K, committed 8704K, reserved 1048576K
}
Event: 113.270 GC heap before
{Heap before GC invocations=1317 (full 4):
 PSYoungGen      total 3584K, used 3391K [0x00000000d5580000, 0x00000000d5d00000, 0x0000000100000000)
  eden space 3072K, 99% used [0x00000000d5580000,0x00000000d587ffe8,0x00000000d5880000)
  from space 512K, 62% used [0x00000000d5c80000,0x00000000d5cd0000,0x00000000d5d00000)
  to   space 512K, 0% used [0x00000000d5c00000,0x00000000d5c00000,0x00000000d5c80000)
 ParOldGen       total 472576K, used 472296K [0x0000000080000000, 0x000000009cd80000, 0x00000000d5580000)
  object space 472576K, 99% used [0x0000000080000000,0x000000009cd3a108,0x000000009cd80000)
 Metaspace       used 77967K, committed 79552K, reserved 1179648K
  class space    used 8047K, committed 8704K, reserved 1048576K
}
Event: 113.276 GC heap after
{Heap after GC invocations=1317 (full 4):
 PSYoungGen      total 3584K, used 433K [0x00000000d5580000, 0x00000000d5d00000, 0x0000000100000000)
  eden space 3072K, 0% used [0x00000000d5580000,0x00000000d5580000,0x00000000d5880000)
  from space 512K, 84% used [0x00000000d5c00000,0x00000000d5c6c4e0,0x00000000d5c80000)
  to   space 512K, 0% used [0x00000000d5c80000,0x00000000d5c80000,0x00000000d5d00000)
 ParOldGen       total 472576K, used 472384K [0x0000000080000000, 0x000000009cd80000, 0x00000000d5580000)
  object space 472576K, 99% used [0x0000000080000000,0x000000009cd50108,0x000000009cd80000)
 Metaspace       used 77967K, committed 79552K, reserved 1179648K
  class space    used 8047K, committed 8704K, reserved 1048576K
}
Event: 113.331 GC heap before
{Heap before GC invocations=1318 (full 4):
 PSYoungGen      total 3584K, used 3503K [0x00000000d5580000, 0x00000000d5d00000, 0x0000000100000000)
  eden space 3072K, 99% used [0x00000000d5580000,0x00000000d587f9e8,0x00000000d5880000)
  from space 512K, 84% used [0x00000000d5c00000,0x00000000d5c6c4e0,0x00000000d5c80000)
  to   space 512K, 0% used [0x00000000d5c80000,0x00000000d5c80000,0x00000000d5d00000)
 ParOldGen       total 472576K, used 472384K [0x0000000080000000, 0x000000009cd80000, 0x00000000d5580000)
  object space 472576K, 99% used [0x0000000080000000,0x000000009cd50108,0x000000009cd80000)
 Metaspace       used 78382K, committed 80000K, reserved 1179648K
  class space    used 8086K, committed 8768K, reserved 1048576K
}
Event: 113.333 GC heap after
{Heap after GC invocations=1318 (full 4):
 PSYoungGen      total 3584K, used 288K [0x00000000d5580000, 0x00000000d5d00000, 0x0000000100000000)
  eden space 3072K, 0% used [0x00000000d5580000,0x00000000d5580000,0x00000000d5880000)
  from space 512K, 56% used [0x00000000d5c80000,0x00000000d5cc8020,0x00000000d5d00000)
  to   space 512K, 0% used [0x00000000d5c00000,0x00000000d5c00000,0x00000000d5c80000)
 ParOldGen       total 472576K, used 472558K [0x0000000080000000, 0x000000009cd80000, 0x00000000d5580000)
  object space 472576K, 99% used [0x0000000080000000,0x000000009cd7bbe8,0x000000009cd80000)
 Metaspace       used 78382K, committed 80000K, reserved 1179648K
  class space    used 8086K, committed 8768K, reserved 1048576K
}
Event: 113.372 GC heap before
{Heap before GC invocations=1319 (full 4):
 PSYoungGen      total 3584K, used 3254K [0x00000000d5580000, 0x00000000d5d00000, 0x0000000100000000)
  eden space 3072K, 96% used [0x00000000d5580000,0x00000000d5865ad0,0x00000000d5880000)
  from space 512K, 56% used [0x00000000d5c80000,0x00000000d5cc8020,0x00000000d5d00000)
  to   space 512K, 0% used [0x00000000d5c00000,0x00000000d5c00000,0x00000000d5c80000)
 ParOldGen       total 472576K, used 472558K [0x0000000080000000, 0x000000009cd80000, 0x00000000d5580000)
  object space 472576K, 99% used [0x0000000080000000,0x000000009cd7bbe8,0x000000009cd80000)
 Metaspace       used 78576K, committed 80256K, reserved 1179648K
  class space    used 8133K, committed 8832K, reserved 1048576K
}
Event: 113.374 GC heap after
{Heap after GC invocations=1319 (full 4):
 PSYoungGen      total 3584K, used 383K [0x00000000d5580000, 0x00000000d5d00000, 0x0000000100000000)
  eden space 3072K, 0% used [0x00000000d5580000,0x00000000d5580000,0x00000000d5880000)
  from space 512K, 74% used [0x00000000d5c00000,0x00000000d5c5fc28,0x00000000d5c80000)
  to   space 512K, 0% used [0x00000000d5c80000,0x00000000d5c80000,0x00000000d5d00000)
 ParOldGen       total 473088K, used 472902K [0x0000000080000000, 0x000000009ce00000, 0x00000000d5580000)
  object space 473088K, 99% used [0x0000000080000000,0x000000009cdd1830,0x000000009ce00000)
 Metaspace       used 78576K, committed 80256K, reserved 1179648K
  class space    used 8133K, committed 8832K, reserved 1048576K
}
Event: 113.428 GC heap before
{Heap before GC invocations=1320 (full 4):
 PSYoungGen      total 3584K, used 3455K [0x00000000d5580000, 0x00000000d5d00000, 0x0000000100000000)
  eden space 3072K, 100% used [0x00000000d5580000,0x00000000d5880000,0x00000000d5880000)
  from space 512K, 74% used [0x00000000d5c00000,0x00000000d5c5fc28,0x00000000d5c80000)
  to   space 512K, 0% used [0x00000000d5c80000,0x00000000d5c80000,0x00000000d5d00000)
 ParOldGen       total 473088K, used 472902K [0x0000000080000000, 0x000000009ce00000, 0x00000000d5580000)
  object space 473088K, 99% used [0x0000000080000000,0x000000009cdd1830,0x000000009ce00000)
 Metaspace       used 79145K, committed 80768K, reserved 1179648K
  class space    used 8188K, committed 8832K, reserved 1048576K
}
Event: 113.431 GC heap after
{Heap after GC invocations=1320 (full 4):
 PSYoungGen      total 3584K, used 336K [0x00000000d5580000, 0x00000000d5d00000, 0x0000000100000000)
  eden space 3072K, 0% used [0x00000000d5580000,0x00000000d5580000,0x00000000d5880000)
  from space 512K, 65% used [0x00000000d5c80000,0x00000000d5cd4010,0x00000000d5d00000)
  to   space 512K, 0% used [0x00000000d5c00000,0x00000000d5c00000,0x00000000d5c80000)
 ParOldGen       total 473088K, used 472942K [0x0000000080000000, 0x000000009ce00000, 0x00000000d5580000)
  object space 473088K, 99% used [0x0000000080000000,0x000000009cddb830,0x000000009ce00000)
 Metaspace       used 79145K, committed 80768K, reserved 1179648K
  class space    used 8188K, committed 8832K, reserved 1048576K
}
Event: 113.486 GC heap before
{Heap before GC invocations=1321 (full 4):
 PSYoungGen      total 3584K, used 3408K [0x00000000d5580000, 0x00000000d5d00000, 0x0000000100000000)
  eden space 3072K, 100% used [0x00000000d5580000,0x00000000d5880000,0x00000000d5880000)
  from space 512K, 65% used [0x00000000d5c80000,0x00000000d5cd4010,0x00000000d5d00000)
  to   space 512K, 0% used [0x00000000d5c00000,0x00000000d5c00000,0x00000000d5c80000)
 ParOldGen       total 473088K, used 472942K [0x0000000080000000, 0x000000009ce00000, 0x00000000d5580000)
  object space 473088K, 99% used [0x0000000080000000,0x000000009cddb830,0x000000009ce00000)
 Metaspace       used 79358K, committed 80960K, reserved 1179648K
  class space    used 8248K, committed 8896K, reserved 1048576K
}
Event: 113.489 GC heap after
{Heap after GC invocations=1321 (full 4):
 PSYoungGen      total 3584K, used 192K [0x00000000d5580000, 0x00000000d5d00000, 0x0000000100000000)
  eden space 3072K, 0% used [0x00000000d5580000,0x00000000d5580000,0x00000000d5880000)
  from space 512K, 37% used [0x00000000d5c00000,0x00000000d5c30000,0x00000000d5c80000)
  to   space 512K, 0% used [0x00000000d5c80000,0x00000000d5c80000,0x00000000d5d00000)
 ParOldGen       total 473088K, used 473078K [0x0000000080000000, 0x000000009ce00000, 0x00000000d5580000)
  object space 473088K, 99% used [0x0000000080000000,0x000000009cdfd860,0x000000009ce00000)
 Metaspace       used 79358K, committed 80960K, reserved 1179648K
  class space    used 8248K, committed 8896K, reserved 1048576K
}
Event: 113.532 GC heap before
{Heap before GC invocations=1322 (full 4):
 PSYoungGen      total 3584K, used 3264K [0x00000000d5580000, 0x00000000d5d00000, 0x0000000100000000)
  eden space 3072K, 100% used [0x00000000d5580000,0x00000000d5880000,0x00000000d5880000)
  from space 512K, 37% used [0x00000000d5c00000,0x00000000d5c30000,0x00000000d5c80000)
  to   space 512K, 0% used [0x00000000d5c80000,0x00000000d5c80000,0x00000000d5d00000)
 ParOldGen       total 473088K, used 473078K [0x0000000080000000, 0x000000009ce00000, 0x00000000d5580000)
  object space 473088K, 99% used [0x0000000080000000,0x000000009cdfd860,0x000000009ce00000)
 Metaspace       used 79701K, committed 81280K, reserved 1179648K
  class space    used 8311K, committed 8960K, reserved 1048576K
}
Event: 113.535 GC heap after
{Heap after GC invocations=1322 (full 4):
 PSYoungGen      total 3584K, used 256K [0x00000000d5580000, 0x00000000d5d00000, 0x0000000100000000)
  eden space 3072K, 0% used [0x00000000d5580000,0x00000000d5580000,0x00000000d5880000)
  from space 512K, 50% used [0x00000000d5c80000,0x00000000d5cc0000,0x00000000d5d00000)
  to   space 512K, 0% used [0x00000000d5c00000,0x00000000d5c00000,0x00000000d5c80000)
 ParOldGen       total 473600K, used 473126K [0x0000000080000000, 0x000000009ce80000, 0x00000000d5580000)
  object space 473600K, 99% used [0x0000000080000000,0x000000009ce09860,0x000000009ce80000)
 Metaspace       used 79701K, committed 81280K, reserved 1179648K
  class space    used 8311K, committed 8960K, reserved 1048576K
}
Event: 113.597 GC heap before
{Heap before GC invocations=1323 (full 4):
 PSYoungGen      total 3584K, used 3328K [0x00000000d5580000, 0x00000000d5d00000, 0x0000000100000000)
  eden space 3072K, 100% used [0x00000000d5580000,0x00000000d5880000,0x00000000d5880000)
  from space 512K, 50% used [0x00000000d5c80000,0x00000000d5cc0000,0x00000000d5d00000)
  to   space 512K, 0% used [0x00000000d5c00000,0x00000000d5c00000,0x00000000d5c80000)
 ParOldGen       total 473600K, used 473126K [0x0000000080000000, 0x000000009ce80000, 0x00000000d5580000)
  object space 473600K, 99% used [0x0000000080000000,0x000000009ce09860,0x000000009ce80000)
 Metaspace       used 80070K, committed 81728K, reserved 1179648K
  class space    used 8352K, committed 9024K, reserved 1048576K
}
Event: 113.600 GC heap after
{Heap after GC invocations=1323 (full 4):
 PSYoungGen      total 3584K, used 288K [0x00000000d5580000, 0x00000000d5d00000, 0x0000000100000000)
  eden space 3072K, 0% used [0x00000000d5580000,0x00000000d5580000,0x00000000d5880000)
  from space 512K, 56% used [0x00000000d5c00000,0x00000000d5c48000,0x00000000d5c80000)
  to   space 512K, 0% used [0x00000000d5c80000,0x00000000d5c80000,0x00000000d5d00000)
 ParOldGen       total 473600K, used 473222K [0x0000000080000000, 0x000000009ce80000, 0x00000000d5580000)
  object space 473600K, 99% used [0x0000000080000000,0x000000009ce21860,0x000000009ce80000)
 Metaspace       used 80070K, committed 81728K, reserved 1179648K
  class space    used 8352K, committed 9024K, reserved 1048576K
}
Event: 115.243 GC heap before
{Heap before GC invocations=1324 (full 4):
 PSYoungGen      total 3584K, used 3360K [0x00000000d5580000, 0x00000000d5d00000, 0x0000000100000000)
  eden space 3072K, 100% used [0x00000000d5580000,0x00000000d5880000,0x00000000d5880000)
  from space 512K, 56% used [0x00000000d5c00000,0x00000000d5c48000,0x00000000d5c80000)
  to   space 512K, 0% used [0x00000000d5c80000,0x00000000d5c80000,0x00000000d5d00000)
 ParOldGen       total 473600K, used 473222K [0x0000000080000000, 0x000000009ce80000, 0x00000000d5580000)
  object space 473600K, 99% used [0x0000000080000000,0x000000009ce21860,0x000000009ce80000)
 Metaspace       used 80457K, committed 82112K, reserved 1179648K
  class space    used 8412K, committed 9152K, reserved 1048576K
}
Event: 115.244 GC heap after
{Heap after GC invocations=1324 (full 4):
 PSYoungGen      total 3584K, used 352K [0x00000000d5580000, 0x00000000d5d00000, 0x0000000100000000)
  eden space 3072K, 0% used [0x00000000d5580000,0x00000000d5580000,0x00000000d5880000)
  from space 512K, 68% used [0x00000000d5c80000,0x00000000d5cd8000,0x00000000d5d00000)
  to   space 512K, 0% used [0x00000000d5c00000,0x00000000d5c00000,0x00000000d5c80000)
 ParOldGen       total 473600K, used 473326K [0x0000000080000000, 0x000000009ce80000, 0x00000000d5580000)
  object space 473600K, 99% used [0x0000000080000000,0x000000009ce3b870,0x000000009ce80000)
 Metaspace       used 80457K, committed 82112K, reserved 1179648K
  class space    used 8412K, committed 9152K, reserved 1048576K
}

