# JRE version: OpenJDK Runtime Environment Temurin-21.0.5+11 (21.0.5+11) (build 21.0.5+11-LTS)
# Java VM: OpenJDK 64-Bit Server VM Temurin-21.0.5+11 (21.0.5+11-LTS, mixed mode, sharing, tiered, compressed oops, compressed class ptrs, parallel gc, windows-amd64)
GC Precious Log:
 CardTable entry size: 512
 CPUs: 12 total, 12 available
 Memory: 7896M
 Large Page Support: Disabled
 NUMA Support: Disabled
 Compressed Oops: Enabled (32-bit)
 Alignments: Space 512K, Generation 512K, Heap 2M
 Heap Min Capacity: 100M
 Heap Initial Capacity: 100M
 Heap Max Capacity: 2G
 Pre-touch: Disabled
 Parallel Workers: 10
Heap:
 PSYoungGen      total 3584K, used 2279K [0x00000000d5580000, 0x00000000d5a00000, 0x0000000100000000)
  eden space 2560K, 49% used [0x00000000d5580000,0x00000000d56bd3f8,0x00000000d5800000)
  from space 1024K, 98% used [0x00000000d5900000,0x00000000d59fc808,0x00000000d5a00000)
  to   space 1024K, 0% used [0x00000000d5800000,0x00000000d5800000,0x00000000d5900000)
 ParOldGen       total 687104K, used 687008K [0x0000000080000000, 0x00000000a9f00000, 0x00000000d5580000)
  object space 687104K, 99% used [0x0000000080000000,0x00000000a9ee80c8,0x00000000a9f00000)
 Metaspace       used 61052K, committed 62464K, reserved 1114112K
  class space    used 6267K, committed 6912K, reserved 1048576K
GC Heap History (20 events):
Event: 96.156 GC heap before
{Heap before GC invocations=1381 (full 3):
 PSYoungGen      total 4608K, used 4242K [0x00000000d5580000, 0x00000000d5b80000, 0x0000000100000000)
  eden space 3072K, 100% used [0x00000000d5580000,0x00000000d5880000,0x00000000d5880000)
  from space 1536K, 76% used [0x00000000d5880000,0x00000000d59a4808,0x00000000d5a00000)
  to   space 1536K, 0% used [0x00000000d5a00000,0x00000000d5a00000,0x00000000d5b80000)
 ParOldGen       total 677376K, used 676971K [0x0000000080000000, 0x00000000a9580000, 0x00000000d5580000)
  object space 677376K, 99% used [0x0000000080000000,0x00000000a951af00,0x00000000a9580000)
 Metaspace       used 61052K, committed 62464K, reserved 1114112K
  class space    used 6267K, committed 6912K, reserved 1048576K
}
Event: 96.160 GC heap after
{Heap after GC invocations=1381 (full 3):
 PSYoungGen      total 4608K, used 1152K [0x00000000d5580000, 0x00000000d5b80000, 0x0000000100000000)
  eden space 3072K, 0% used [0x00000000d5580000,0x00000000d5580000,0x00000000d5880000)
  from space 1536K, 75% used [0x00000000d5a00000,0x00000000d5b20000,0x00000000d5b80000)
  to   space 1536K, 0% used [0x00000000d5880000,0x00000000d5880000,0x00000000d5a00000)
 ParOldGen       total 678400K, used 677983K [0x0000000080000000, 0x00000000a9680000, 0x00000000d5580000)
  object space 678400K, 99% used [0x0000000080000000,0x00000000a9617f20,0x00000000a9680000)
 Metaspace       used 61052K, committed 62464K, reserved 1114112K
  class space    used 6267K, committed 6912K, reserved 1048576K
}
Event: 96.203 GC heap before
{Heap before GC invocations=1382 (full 3):
 PSYoungGen      total 4608K, used 4224K [0x00000000d5580000, 0x00000000d5b80000, 0x0000000100000000)
  eden space 3072K, 100% used [0x00000000d5580000,0x00000000d5880000,0x00000000d5880000)
  from space 1536K, 75% used [0x00000000d5a00000,0x00000000d5b20000,0x00000000d5b80000)
  to   space 1536K, 0% used [0x00000000d5880000,0x00000000d5880000,0x00000000d5a00000)
 ParOldGen       total 678400K, used 677983K [0x0000000080000000, 0x00000000a9680000, 0x00000000d5580000)
  object space 678400K, 99% used [0x0000000080000000,0x00000000a9617f20,0x00000000a9680000)
 Metaspace       used 61052K, committed 62464K, reserved 1114112K
  class space    used 6267K, committed 6912K, reserved 1048576K
}
Event: 96.207 GC heap after
{Heap after GC invocations=1382 (full 3):
 PSYoungGen      total 4608K, used 1234K [0x00000000d5580000, 0x00000000d5b80000, 0x0000000100000000)
  eden space 3072K, 0% used [0x00000000d5580000,0x00000000d5580000,0x00000000d5880000)
  from space 1536K, 80% used [0x00000000d5880000,0x00000000d59b4808,0x00000000d5a00000)
  to   space 1536K, 0% used [0x00000000d5a00000,0x00000000d5a00000,0x00000000d5b80000)
 ParOldGen       total 678912K, used 678800K [0x0000000080000000, 0x00000000a9700000, 0x00000000d5580000)
  object space 678912K, 99% used [0x0000000080000000,0x00000000a96e4328,0x00000000a9700000)
 Metaspace       used 61052K, committed 62464K, reserved 1114112K
  class space    used 6267K, committed 6912K, reserved 1048576K
}
Event: 96.224 GC heap before
{Heap before GC invocations=1383 (full 3):
 PSYoungGen      total 4608K, used 4306K [0x00000000d5580000, 0x00000000d5b80000, 0x0000000100000000)
  eden space 3072K, 100% used [0x00000000d5580000,0x00000000d5880000,0x00000000d5880000)
  from space 1536K, 80% used [0x00000000d5880000,0x00000000d59b4808,0x00000000d5a00000)
  to   space 1536K, 0% used [0x00000000d5a00000,0x00000000d5a00000,0x00000000d5b80000)
 ParOldGen       total 678912K, used 678800K [0x0000000080000000, 0x00000000a9700000, 0x00000000d5580000)
  object space 678912K, 99% used [0x0000000080000000,0x00000000a96e4328,0x00000000a9700000)
 Metaspace       used 61052K, committed 62464K, reserved 1114112K
  class space    used 6267K, committed 6912K, reserved 1048576K
}
Event: 96.231 GC heap after
{Heap after GC invocations=1383 (full 3):
 PSYoungGen      total 2048K, used 1507K [0x00000000d5580000, 0x00000000d6080000, 0x0000000100000000)
  eden space 512K, 0% used [0x00000000d5580000,0x00000000d5580000,0x00000000d5600000)
  from space 1536K, 98% used [0x00000000d5a00000,0x00000000d5b78fd0,0x00000000d5b80000)
  to   space 4096K, 0% used [0x00000000d5600000,0x00000000d5600000,0x00000000d5a00000)
 ParOldGen       total 680960K, used 680893K [0x0000000080000000, 0x00000000a9900000, 0x00000000d5580000)
  object space 680960K, 99% used [0x0000000080000000,0x00000000a98ef7b8,0x00000000a9900000)
 Metaspace       used 61052K, committed 62464K, reserved 1114112K
  class space    used 6267K, committed 6912K, reserved 1048576K
}
Event: 96.238 GC heap before
{Heap before GC invocations=1384 (full 3):
 PSYoungGen      total 2048K, used 2019K [0x00000000d5580000, 0x00000000d6080000, 0x0000000100000000)
  eden space 512K, 100% used [0x00000000d5580000,0x00000000d5600000,0x00000000d5600000)
  from space 1536K, 98% used [0x00000000d5a00000,0x00000000d5b78fd0,0x00000000d5b80000)
  to   space 4096K, 0% used [0x00000000d5600000,0x00000000d5600000,0x00000000d5a00000)
 ParOldGen       total 680960K, used 680893K [0x0000000080000000, 0x00000000a9900000, 0x00000000d5580000)
  object space 680960K, 99% used [0x0000000080000000,0x00000000a98ef7b8,0x00000000a9900000)
 Metaspace       used 61052K, committed 62464K, reserved 1114112K
  class space    used 6267K, committed 6912K, reserved 1048576K
}
Event: 96.244 GC heap after
{Heap after GC invocations=1384 (full 3):
 PSYoungGen      total 1536K, used 646K [0x00000000d5580000, 0x00000000d5a80000, 0x0000000100000000)
  eden space 512K, 0% used [0x00000000d5580000,0x00000000d5580000,0x00000000d5600000)
  from space 1024K, 63% used [0x00000000d5600000,0x00000000d56a1b78,0x00000000d5700000)
  to   space 2048K, 0% used [0x00000000d5880000,0x00000000d5880000,0x00000000d5a80000)
 ParOldGen       total 682496K, used 682201K [0x0000000080000000, 0x00000000a9a80000, 0x00000000d5580000)
  object space 682496K, 99% used [0x0000000080000000,0x00000000a9a36680,0x00000000a9a80000)
 Metaspace       used 61052K, committed 62464K, reserved 1114112K
  class space    used 6267K, committed 6912K, reserved 1048576K
}
Event: 96.247 GC heap before
{Heap before GC invocations=1385 (full 3):
 PSYoungGen      total 1536K, used 1158K [0x00000000d5580000, 0x00000000d5a80000, 0x0000000100000000)
  eden space 512K, 100% used [0x00000000d5580000,0x00000000d5600000,0x00000000d5600000)
  from space 1024K, 63% used [0x00000000d5600000,0x00000000d56a1b78,0x00000000d5700000)
  to   space 2048K, 0% used [0x00000000d5880000,0x00000000d5880000,0x00000000d5a80000)
 ParOldGen       total 682496K, used 682201K [0x0000000080000000, 0x00000000a9a80000, 0x00000000d5580000)
  object space 682496K, 99% used [0x0000000080000000,0x00000000a9a36680,0x00000000a9a80000)
 Metaspace       used 61052K, committed 62464K, reserved 1114112K
  class space    used 6267K, committed 6912K, reserved 1048576K
}
Event: 96.253 GC heap after
{Heap after GC invocations=1385 (full 3):
 PSYoungGen      total 1536K, used 512K [0x00000000d5580000, 0x00000000d5900000, 0x0000000100000000)
  eden space 1024K, 0% used [0x00000000d5580000,0x00000000d5580000,0x00000000d5680000)
  from space 512K, 100% used [0x00000000d5880000,0x00000000d5900000,0x00000000d5900000)
  to   space 1024K, 0% used [0x00000000d5700000,0x00000000d5700000,0x00000000d5800000)
 ParOldGen       total 683008K, used 682728K [0x0000000080000000, 0x00000000a9b00000, 0x00000000d5580000)
  object space 683008K, 99% used [0x0000000080000000,0x00000000a9aba1e8,0x00000000a9b00000)
 Metaspace       used 61052K, committed 62464K, reserved 1114112K
  class space    used 6267K, committed 6912K, reserved 1048576K
}
Event: 96.263 GC heap before
{Heap before GC invocations=1386 (full 3):
 PSYoungGen      total 1536K, used 1526K [0x00000000d5580000, 0x00000000d5900000, 0x0000000100000000)
  eden space 1024K, 99% used [0x00000000d5580000,0x00000000d567d930,0x00000000d5680000)
  from space 512K, 100% used [0x00000000d5880000,0x00000000d5900000,0x00000000d5900000)
  to   space 1024K, 0% used [0x00000000d5700000,0x00000000d5700000,0x00000000d5800000)
 ParOldGen       total 683008K, used 682728K [0x0000000080000000, 0x00000000a9b00000, 0x00000000d5580000)
  object space 683008K, 99% used [0x0000000080000000,0x00000000a9aba1e8,0x00000000a9b00000)
 Metaspace       used 61052K, committed 62464K, reserved 1114112K
  class space    used 6267K, committed 6912K, reserved 1048576K
}
Event: 96.271 GC heap after
{Heap after GC invocations=1386 (full 3):
 PSYoungGen      total 2560K, used 652K [0x00000000d5580000, 0x00000000d5900000, 0x0000000100000000)
  eden space 1536K, 0% used [0x00000000d5580000,0x00000000d5580000,0x00000000d5700000)
  from space 1024K, 63% used [0x00000000d5700000,0x00000000d57a31b8,0x00000000d5800000)
  to   space 1024K, 0% used [0x00000000d5800000,0x00000000d5800000,0x00000000d5900000)
 ParOldGen       total 683520K, used 683240K [0x0000000080000000, 0x00000000a9b80000, 0x00000000d5580000)
  object space 683520K, 99% used [0x0000000080000000,0x00000000a9b3a1e8,0x00000000a9b80000)
 Metaspace       used 61052K, committed 62464K, reserved 1114112K
  class space    used 6267K, committed 6912K, reserved 1048576K
}
Event: 96.345 GC heap before
{Heap before GC invocations=1387 (full 3):
 PSYoungGen      total 2560K, used 2188K [0x00000000d5580000, 0x00000000d5900000, 0x0000000100000000)
  eden space 1536K, 100% used [0x00000000d5580000,0x00000000d5700000,0x00000000d5700000)
  from space 1024K, 63% used [0x00000000d5700000,0x00000000d57a31b8,0x00000000d5800000)
  to   space 1024K, 0% used [0x00000000d5800000,0x00000000d5800000,0x00000000d5900000)
 ParOldGen       total 683520K, used 683240K [0x0000000080000000, 0x00000000a9b80000, 0x00000000d5580000)
  object space 683520K, 99% used [0x0000000080000000,0x00000000a9b3a1e8,0x00000000a9b80000)
 Metaspace       used 61052K, committed 62464K, reserved 1114112K
  class space    used 6267K, committed 6912K, reserved 1048576K
}
Event: 96.352 GC heap after
{Heap after GC invocations=1387 (full 3):
 PSYoungGen      total 2560K, used 524K [0x00000000d5580000, 0x00000000d5980000, 0x0000000100000000)
  eden space 1536K, 0% used [0x00000000d5580000,0x00000000d5580000,0x00000000d5700000)
  from space 1024K, 51% used [0x00000000d5800000,0x00000000d5883010,0x00000000d5900000)
  to   space 1024K, 0% used [0x00000000d5700000,0x00000000d5700000,0x00000000d5800000)
 ParOldGen       total 684032K, used 683775K [0x0000000080000000, 0x00000000a9c00000, 0x00000000d5580000)
  object space 684032K, 99% used [0x0000000080000000,0x00000000a9bbfca8,0x00000000a9c00000)
 Metaspace       used 61052K, committed 62464K, reserved 1114112K
  class space    used 6267K, committed 6912K, reserved 1048576K
}
Event: 96.368 GC heap before
{Heap before GC invocations=1388 (full 3):
 PSYoungGen      total 2560K, used 2060K [0x00000000d5580000, 0x00000000d5980000, 0x0000000100000000)
  eden space 1536K, 100% used [0x00000000d5580000,0x00000000d5700000,0x00000000d5700000)
  from space 1024K, 51% used [0x00000000d5800000,0x00000000d5883010,0x00000000d5900000)
  to   space 1024K, 0% used [0x00000000d5700000,0x00000000d5700000,0x00000000d5800000)
 ParOldGen       total 684032K, used 683775K [0x0000000080000000, 0x00000000a9c00000, 0x00000000d5580000)
  object space 684032K, 99% used [0x0000000080000000,0x00000000a9bbfca8,0x00000000a9c00000)
 Metaspace       used 61052K, committed 62464K, reserved 1114112K
  class space    used 6267K, committed 6912K, reserved 1048576K
}
Event: 96.373 GC heap after
{Heap after GC invocations=1388 (full 3):
 PSYoungGen      total 2560K, used 1003K [0x00000000d5580000, 0x00000000d5b80000, 0x0000000100000000)
  eden space 1536K, 0% used [0x00000000d5580000,0x00000000d5580000,0x00000000d5700000)
  from space 1024K, 98% used [0x00000000d5700000,0x00000000d57fafa0,0x00000000d5800000)
  to   space 2048K, 0% used [0x00000000d5980000,0x00000000d5980000,0x00000000d5b80000)
 ParOldGen       total 684544K, used 684441K [0x0000000080000000, 0x00000000a9c80000, 0x00000000d5580000)
  object space 684544K, 99% used [0x0000000080000000,0x00000000a9c66540,0x00000000a9c80000)
 Metaspace       used 61052K, committed 62464K, reserved 1114112K
  class space    used 6267K, committed 6912K, reserved 1048576K
}
Event: 96.393 GC heap before
{Heap before GC invocations=1389 (full 3):
 PSYoungGen      total 2560K, used 2539K [0x00000000d5580000, 0x00000000d5b80000, 0x0000000100000000)
  eden space 1536K, 100% used [0x00000000d5580000,0x00000000d5700000,0x00000000d5700000)
  from space 1024K, 98% used [0x00000000d5700000,0x00000000d57fafa0,0x00000000d5800000)
  to   space 2048K, 0% used [0x00000000d5980000,0x00000000d5980000,0x00000000d5b80000)
 ParOldGen       total 684544K, used 684441K [0x0000000080000000, 0x00000000a9c80000, 0x00000000d5580000)
  object space 684544K, 99% used [0x0000000080000000,0x00000000a9c66540,0x00000000a9c80000)
 Metaspace       used 61052K, committed 62464K, reserved 1114112K
  class space    used 6267K, committed 6912K, reserved 1048576K
}
Event: 96.399 GC heap after
{Heap after GC invocations=1389 (full 3):
 PSYoungGen      total 3584K, used 1240K [0x00000000d5580000, 0x00000000d5b00000, 0x0000000100000000)
  eden space 2048K, 0% used [0x00000000d5580000,0x00000000d5580000,0x00000000d5780000)
  from space 1536K, 80% used [0x00000000d5980000,0x00000000d5ab6130,0x00000000d5b00000)
  to   space 1536K, 0% used [0x00000000d5800000,0x00000000d5800000,0x00000000d5980000)
 ParOldGen       total 685568K, used 685397K [0x0000000080000000, 0x00000000a9d80000, 0x00000000d5580000)
  object space 685568K, 99% used [0x0000000080000000,0x00000000a9d554e0,0x00000000a9d80000)
 Metaspace       used 61052K, committed 62464K, reserved 1114112K
  class space    used 6267K, committed 6912K, reserved 1048576K
}
Event: 96.600 GC heap before
{Heap before GC invocations=1390 (full 3):
 PSYoungGen      total 3584K, used 3288K [0x00000000d5580000, 0x00000000d5b00000, 0x0000000100000000)
  eden space 2048K, 100% used [0x00000000d5580000,0x00000000d5780000,0x00000000d5780000)
  from space 1536K, 80% used [0x00000000d5980000,0x00000000d5ab6130,0x00000000d5b00000)
  to   space 1536K, 0% used [0x00000000d5800000,0x00000000d5800000,0x00000000d5980000)
 ParOldGen       total 685568K, used 685397K [0x0000000080000000, 0x00000000a9d80000, 0x00000000d5580000)
  object space 685568K, 99% used [0x0000000080000000,0x00000000a9d554e0,0x00000000a9d80000)
 Metaspace       used 61052K, committed 62464K, reserved 1114112K
  class space    used 6267K, committed 6912K, reserved 1048576K
}
Event: 96.608 GC heap after
{Heap after GC invocations=1390 (full 3):
 PSYoungGen      total 3584K, used 708K [0x00000000d5580000, 0x00000000d5a00000, 0x0000000100000000)
  eden space 2560K, 0% used [0x00000000d5580000,0x00000000d5580000,0x00000000d5800000)
  from space 1024K, 69% used [0x00000000d5800000,0x00000000d58b1008,0x00000000d5900000)
  to   space 1024K, 0% used [0x00000000d5900000,0x00000000d5900000,0x00000000d5a00000)
 ParOldGen       total 686592K, used 686468K [0x0000000080000000, 0x00000000a9e80000, 0x00000000d5580000)
  object space 686592K, 99% used [0x0000000080000000,0x00000000a9e61368,0x00000000a9e80000)
 Metaspace       used 61052K, committed 62464K, reserved 1114112K
  class space    used 6267K, committed 6912K, reserved 1048576K
}

